2025-02-09 21:25:39,684 - WARNING - binance-bitget - Absurdally wysoki zysk dla STPT/USDT:USDT: 24.50% (Kupno na BinanceExchange, Sprzedaż na BitgetExchange). Ignoruję okazję.
2025-02-09 21:25:51,816 - WARNING - binance-bitget - Absurdally wysoki zysk dla RAD/USDT:USDT: 96.64% (Kupno na BitgetExchange, Sprzedaż na BinanceExchange). Ignoruję okazję.
2025-02-09 21:26:12,254 - WARNING - binance-bitget - Absurdally wysoki zysk dla FARM/USDT: 198.62% (Kupno na BitgetExchange, Sprzedaż na BinanceExchange). Ignoruję okazję.
2025-02-09 21:26:32,099 - WARNING - kucoin-bitget - Absurdally wysoki zysk dla WELL/USDT: 10447.01% (Kupno na BitgetExchange, Sprzedaż na KucoinExchange). Ignoruję okazję.
2025-02-09 21:26:40,767 - WARNING - binance-bitget - Absurdally wysoki zysk dla MAVIA/USDT:USDT: 445.76% (Kupno na BitgetExchange, Sprzedaż na BinanceExchange). Ignoruję okazję.
2025-02-09 21:27:07,880 - WARNING - binance-kucoin - Absurdally wysoki zysk dla TST/USDT: 1716.05% (Kupno na KucoinExchange, Sprzedaż na BinanceExchange). Ignoruję okazję.
2025-02-09 21:27:19,141 - WARNING - binance-bitget - Absurdally wysoki zysk dla TST/USDT: 1728.08% (Kupno na BitgetExchange, Sprzedaż na BinanceExchange). Ignoruję okazję.
2025-02-09 21:27:29,554 - WARNING - kucoin-bitget - Absurdally wysoki zysk dla VOLT/USDT: 33.59% (Kupno na KucoinExchange, Sprzedaż na BitgetExchange). Ignoruję okazję.
2025-02-09 21:27:52,835 - WARNING - binance-kucoin - Absurdally wysoki zysk dla NEIRO/USDT: 5353.56% (Kupno na BinanceExchange, Sprzedaż na KucoinExchange). Ignoruję okazję.
2025-02-09 21:28:09,221 - WARNING - kucoin-bitget - Absurdally wysoki zysk dla GAME/USDT: 522.11% (Kupno na KucoinExchange, Sprzedaż na BitgetExchange). Ignoruję okazję.
2025-02-09 21:29:50,910 - WARNING - binance-bitget - Absurdally wysoki zysk dla STPT/USDT:USDT: 24.55% (Kupno na BinanceExchange, Sprzedaż na BitgetExchange). Ignoruję okazję.
2025-02-09 21:30:03,911 - WARNING - binance-bitget - Absurdally wysoki zysk dla RAD/USDT:USDT: 96.48% (Kupno na BitgetExchange, Sprzedaż na BinanceExchange). Ignoruję okazję.
2025-02-09 21:30:24,783 - WARNING - binance-bitget - Absurdally wysoki zysk dla FARM/USDT: 198.62% (Kupno na BitgetExchange, Sprzedaż na BinanceExchange). Ignoruję okazję.
2025-02-09 21:30:53,565 - WARNING - binance-bitget - Absurdally wysoki zysk dla MAVIA/USDT:USDT: 445.16% (Kupno na BitgetExchange, Sprzedaż na BinanceExchange). Ignoruję okazję.
2025-02-09 21:30:57,359 - WARNING - binance-kucoin - Absurdally wysoki zysk dla TST/USDT: 1787.21% (Kupno na KucoinExchange, Sprzedaż na BinanceExchange). Ignoruję okazję.
2025-02-09 21:31:32,012 - WARNING - binance-bitget - Absurdally wysoki zysk dla TST/USDT: 1817.32% (Kupno na BitgetExchange, Sprzedaż na BinanceExchange). Ignoruję okazję.
2025-02-09 21:32:22,407 - WARNING - kucoin-bitget - Absurdally wysoki zysk dla GAME/USDT: 521.42% (Kupno na KucoinExchange, Sprzedaż na BitgetExchange). Ignoruję okazję.
2025-02-09 21:32:55,255 - WARNING - kucoin-bitget - Absurdally wysoki zysk dla ACE/USDT: 58582.52% (Kupno na KucoinExchange, Sprzedaż na BitgetExchange). Ignoruję okazję.
2025-02-09 21:34:04,168 - WARNING - binance-bitget - Absurdally wysoki zysk dla STPT/USDT:USDT: 24.03% (Kupno na BinanceExchange, Sprzedaż na BitgetExchange). Ignoruję okazję.
2025-02-09 21:34:16,804 - WARNING - binance-bitget - Absurdally wysoki zysk dla RAD/USDT:USDT: 97.05% (Kupno na BitgetExchange, Sprzedaż na BinanceExchange). Ignoruję okazję.
2025-02-09 21:34:39,281 - WARNING - binance-bitget - Absurdally wysoki zysk dla FARM/USDT: 198.17% (Kupno na BitgetExchange, Sprzedaż na BinanceExchange). Ignoruję okazję.
2025-02-09 21:34:53,344 - WARNING - kucoin-bitget - Absurdally wysoki zysk dla WELL/USDT: 10397.31% (Kupno na BitgetExchange, Sprzedaż na KucoinExchange). Ignoruję okazję.
2025-02-09 21:35:07,932 - WARNING - binance-bitget - Absurdally wysoki zysk dla MAVIA/USDT:USDT: 447.16% (Kupno na BitgetExchange, Sprzedaż na BinanceExchange). Ignoruję okazję.
