2025-02-07 20:33:27,554 - ERROR - Bitget get_price HTTP error: 400 for PENGUUSDT
2025-02-07 20:33:28,180 - ERROR - Bitget get_price HTTP error: 400 for GALAUSDT
2025-02-07 20:33:28,886 - ERROR - Bitget get_price HTTP error: 400 for TUSDT
2025-02-07 20:33:29,516 - ERROR - Bitget get_price HTTP error: 400 for BARUSDT
2025-02-07 20:33:30,217 - ERROR - Bitget get_price HTTP error: 400 for FILUSDT
2025-02-07 20:33:30,934 - ERROR - Bitget get_price HTTP error: 400 for GNSUSDT
2025-02-07 20:33:31,742 - ERROR - Bitget get_price HTTP error: 400 for BNTUSDT
2025-02-07 20:33:32,470 - ERROR - Bitget get_price HTTP error: 400 for SCRUSDT
2025-02-07 20:33:33,085 - ERROR - Bitget get_price HTTP error: 400 for ADAUSDC
2025-02-07 20:33:33,689 - ERROR - Bitget get_price HTTP error: 400 for AIXBTUSDT
2025-02-07 20:33:34,416 - ERROR - Bitget get_price HTTP error: 400 for ELFUSDT
2025-02-07 20:33:35,031 - ERROR - Bitget get_price HTTP error: 400 for ICXUSDT
2025-02-07 20:33:36,157 - ERROR - Bitget get_price HTTP error: 400 for ZKUSDT
2025-02-07 20:33:36,874 - ERROR - Bitget get_price HTTP error: 400 for SYNUSDT
2025-02-07 20:33:37,592 - ERROR - Bitget get_price HTTP error: 400 for AEVOUSDT
2025-02-07 20:33:38,156 - ERROR - Bitget get_price HTTP error: 400 for ARKMUSDT
2025-02-07 20:33:38,922 - ERROR - Bitget get_price HTTP error: 400 for LUMIAUSDT
2025-02-07 20:33:39,544 - ERROR - Bitget get_price HTTP error: 400 for MASKUSDT
2025-02-07 20:33:40,162 - ERROR - Bitget get_price HTTP error: 400 for ANKRUSDT
2025-02-07 20:33:41,381 - ERROR - Bitget get_price HTTP error: 400 for TRXUSDT
2025-02-07 20:33:41,995 - ERROR - Bitget get_price HTTP error: 400 for FARMUSDT
2025-02-07 20:33:42,609 - ERROR - Bitget get_price HTTP error: 400 for POLUSDC
2025-02-07 20:33:43,326 - ERROR - Bitget get_price HTTP error: 400 for GTCUSDT
2025-02-07 20:33:44,042 - ERROR - Bitget get_price HTTP error: 400 for DODOUSDT
2025-02-07 20:33:45,170 - ERROR - Bitget get_price HTTP error: 400 for QTUMUSDT
2025-02-07 20:33:45,885 - ERROR - Bitget get_price HTTP error: 400 for MANTAUSDT
2025-02-07 20:33:46,601 - ERROR - Bitget get_price HTTP error: 400 for BNBUSDC
2025-02-07 20:33:47,317 - ERROR - Bitget get_price HTTP error: 400 for FTTUSDT
2025-02-07 20:33:48,033 - ERROR - Bitget get_price HTTP error: 400 for SEIUSDT
2025-02-07 20:33:48,751 - ERROR - Bitget get_price HTTP error: 400 for BELUSDT
2025-02-07 20:33:49,407 - ERROR - Bitget get_price HTTP error: 400 for DOGEEUR
2025-02-07 20:33:50,082 - ERROR - Bitget get_price HTTP error: 400 for MBOXUSDT
2025-02-07 20:33:50,800 - ERROR - Bitget get_price HTTP error: 400 for ACHUSDT
2025-02-07 20:33:51,412 - ERROR - Bitget get_price HTTP error: 400 for RSRUSDT
2025-02-07 20:33:52,131 - ERROR - Bitget get_price HTTP error: 400 for TRXETH
2025-02-07 20:33:52,848 - ERROR - Bitget get_price HTTP error: 400 for ZRXUSDT
2025-02-07 20:33:53,564 - ERROR - Bitget get_price HTTP error: 400 for IQUSDT
2025-02-07 20:33:54,167 - ERROR - Bitget get_price HTTP error: 400 for STRKUSDT
2025-02-07 20:33:54,997 - ERROR - Bitget get_price HTTP error: 400 for ETCUSDT
2025-02-07 20:33:55,820 - ERROR - Bitget get_price HTTP error: 400 for FLUXUSDT
2025-02-07 20:33:56,636 - ERROR - Bitget get_price HTTP error: 400 for LQTYUSDT
2025-02-07 20:33:57,455 - ERROR - Bitget get_price HTTP error: 400 for BCHUSDT
2025-02-07 20:33:58,070 - ERROR - Bitget get_price HTTP error: 400 for IDEXUSDT
2025-02-07 20:33:58,787 - ERROR - Bitget get_price HTTP error: 400 for STXUSDC
2025-02-07 20:33:59,505 - ERROR - Bitget get_price HTTP error: 400 for PEPEUSDT
2025-02-07 20:34:00,222 - ERROR - Bitget get_price HTTP error: 400 for ORDIUSDT
2025-02-07 20:34:00,938 - ERROR - Bitget get_price HTTP error: 400 for ATMUSDT
2025-02-07 20:34:01,655 - ERROR - Bitget get_price HTTP error: 400 for KNCUSDT
2025-02-07 20:34:02,379 - ERROR - Bitget get_price HTTP error: 400 for HIVEUSDT
2025-02-07 20:34:03,089 - ERROR - Bitget get_price HTTP error: 400 for DYDXUSDC
2025-02-07 20:34:03,806 - ERROR - Bitget get_price HTTP error: 400 for GUSDT
2025-02-07 20:34:04,523 - ERROR - Bitget get_price HTTP error: 400 for STMXUSDT
2025-02-07 20:34:05,239 - ERROR - Bitget get_price HTTP error: 400 for FLOWUSDT
2025-02-07 20:34:05,854 - ERROR - Bitget get_price HTTP error: 400 for MOVEUSDT
2025-02-07 20:34:06,468 - ERROR - Bitget get_price HTTP error: 400 for DOGSUSDT
2025-02-07 20:34:07,185 - ERROR - Bitget get_price HTTP error: 400 for FETBTC
2025-02-07 20:34:07,902 - ERROR - Bitget get_price HTTP error: 400 for POLYXUSDT
2025-02-07 20:34:08,516 - ERROR - Bitget get_price HTTP error: 400 for JTOUSDT
2025-02-07 20:34:09,233 - ERROR - Bitget get_price HTTP error: 400 for BTCEUR
2025-02-07 20:34:09,916 - ERROR - Bitget get_price HTTP error: 400 for BAKEUSDT
2025-02-07 20:34:10,467 - ERROR - Bitget get_price HTTP error: 400 for HFTUSDT
2025-02-07 20:34:11,180 - ERROR - Bitget get_price HTTP error: 400 for API3USDT
2025-02-07 20:34:11,897 - ERROR - Bitget get_price HTTP error: 400 for DOTUSDC
2025-02-07 20:34:12,515 - ERROR - Bitget get_price HTTP error: 400 for MKRUSDT
2025-02-07 20:34:13,331 - ERROR - Bitget get_price HTTP error: 400 for RUNEUSDT
2025-02-07 20:34:14,048 - ERROR - Bitget get_price HTTP error: 400 for LAZIOUSDT
2025-02-07 20:34:15,054 - ERROR - Bitget get_price HTTP error: 400 for WLDUSDT
