2025-02-10 19:38:33,696 - INFO - Znalezione tokeny:
2025-02-10 19:38:33,697 - INFO - 1. ID: neiro - Name: Neiro - Symbol: neiro
2025-02-10 19:38:33,698 - INFO - 2. ID: neiro-2 - Name: Neiro - Symbol: neiro
2025-02-10 19:38:33,698 - INFO - 3. ID: neiro-3 - Name: Neiro - Symbol: neiro
2025-02-10 19:38:33,699 - INFO - 4. ID: neiro-4 - Name: Neiro - Symbol: neiro
2025-02-10 19:38:33,700 - INFO - 5. ID: neiro-on-eth - Name: Neiro on ETH - Symbol: neiro
2025-02-10 19:38:33,700 - INFO - 6. ID: neiro-on-tron - Name: Neiro on Tron - Symbol: neiro
2025-02-10 19:38:35,733 - INFO - 
Token Neiro (ID: neiro) jest notowany na następujących giełdach:
2025-02-10 19:38:35,734 - INFO - - BingX: NEIRO/USDT
2025-02-10 19:38:35,734 - INFO - - Gate.io: NEIRO/USDT
2025-02-10 19:38:35,735 - INFO - - Raydium: CTJF74CTO3CW8ACFP1YXF3QPSQUUBGBJH2K2E8XSZ6UL/SO11111111111111111111111111111111111111112
2025-02-10 19:38:35,735 - INFO - - MEXC: NEIRO/USDT
2025-02-10 19:38:35,736 - INFO - - LBank: NEIROSOL/USDT
2025-02-10 19:38:35,736 - INFO - - BTSE: NEIRO/USDT
2025-02-10 19:38:35,737 - INFO - - XT.COM: NEIROSOL/USDT
2025-02-10 19:38:35,737 - INFO - - HTX: NEIRO/USDT
2025-02-10 19:38:35,738 - INFO - - CoinEx: NEIRO/USDT
2025-02-10 19:38:35,738 - INFO - - Tapbit: NEIRO/USDT
2025-02-10 19:38:35,739 - INFO - - Hibt: NEIRO/USDT
2025-02-10 19:38:35,739 - INFO - - NovaDAX: NEIRO/BRL
2025-02-10 19:38:35,739 - INFO - - Poloniex: NEIRO/USDT
2025-02-10 19:38:35,740 - INFO - - KuCoin: NEIROCTO/USDT
2025-02-10 19:38:35,740 - INFO - - LBank: NEIRO/USDT
2025-02-10 19:38:35,741 - INFO - - Raydium (CLMM): CTJF74CTO3CW8ACFP1YXF3QPSQUUBGBJH2K2E8XSZ6UL/SO11111111111111111111111111111111111111112
2025-02-10 19:38:58,946 - INFO - Znalezione tokeny:
2025-02-10 19:38:58,947 - INFO - 1. ID: neiro - Name: Neiro - Symbol: neiro
2025-02-10 19:38:58,948 - INFO - 2. ID: neiro-2 - Name: Neiro - Symbol: neiro
2025-02-10 19:38:58,948 - INFO - 3. ID: neiro-3 - Name: Neiro - Symbol: neiro
2025-02-10 19:38:58,949 - INFO - 4. ID: neiro-4 - Name: Neiro - Symbol: neiro
2025-02-10 19:38:58,949 - INFO - 5. ID: neiro-on-eth - Name: Neiro on ETH - Symbol: neiro
2025-02-10 19:38:58,950 - INFO - 6. ID: neiro-on-tron - Name: Neiro on Tron - Symbol: neiro
2025-02-10 19:39:00,746 - INFO - 
Token Neiro (ID: neiro-2) jest notowany na następujących giełdach:
2025-02-10 19:39:00,746 - INFO - - Bitrue: NEIRO/USDT
2025-02-10 19:39:00,747 - INFO - - Bitrue: NEIRO/XRP
2025-02-10 19:39:00,747 - INFO - - AscendEX (BitMax): NEIROS/USDT
2025-02-10 19:39:00,748 - INFO - - Raydium: CTG3ZGYX79ZRE1MTEDVKMKCGNIIFRK1HJ6YIABROPUMP/SO11111111111111111111111111111111111111112
2025-02-10 19:39:00,749 - INFO - - CoinW: NEIRO/USDT
2025-02-10 19:39:00,749 - INFO - - DigiFinex: NEIROS/USDT
2025-02-10 19:39:00,749 - INFO - - Ourbit: NEIROS/USDT
2025-02-10 19:39:00,750 - INFO - - Poloniex: NEIROSOL/USDT
2025-02-10 19:39:12,047 - INFO - Znalezione tokeny:
2025-02-10 19:39:12,048 - INFO - 1. ID: neiro - Name: Neiro - Symbol: neiro
2025-02-10 19:39:12,049 - INFO - 2. ID: neiro-2 - Name: Neiro - Symbol: neiro
2025-02-10 19:39:12,050 - INFO - 3. ID: neiro-3 - Name: Neiro - Symbol: neiro
2025-02-10 19:39:12,050 - INFO - 4. ID: neiro-4 - Name: Neiro - Symbol: neiro
2025-02-10 19:39:12,051 - INFO - 5. ID: neiro-on-eth - Name: Neiro on ETH - Symbol: neiro
2025-02-10 19:39:12,052 - INFO - 6. ID: neiro-on-tron - Name: Neiro on Tron - Symbol: neiro
2025-02-10 19:39:14,562 - INFO - 
Token Neiro (ID: neiro-3) jest notowany na następujących giełdach:
2025-02-10 19:39:14,563 - INFO - - Binance: NEIRO/USDT
2025-02-10 19:39:14,563 - INFO - - Bitget: NEIROCTO/USDT
2025-02-10 19:39:14,564 - INFO - - Hotcoin: NEIRO/USDT
2025-02-10 19:39:14,565 - INFO - - OKX: NEIRO/USDT
2025-02-10 19:39:14,566 - INFO - - CoinW: NEIRO(ETH)/USDT
2025-02-10 19:39:14,566 - INFO - - Binance: NEIRO/TRY
2025-02-10 19:39:14,566 - INFO - - Gate.io: NEIROCTO/USDT
2025-02-10 19:39:14,567 - INFO - - Bitunix: NEIRO1/USDT
2025-02-10 19:39:14,568 - INFO - - PointPay: NEIRO/USDT
2025-02-10 19:39:14,568 - INFO - - MEXC: NEIROCTO/USDT
2025-02-10 19:39:14,568 - INFO - - WhiteBIT: NEIRO/USDT
2025-02-10 19:39:14,569 - INFO - - HTX: NEIROCTO/USDT
2025-02-10 19:39:14,569 - INFO - - XT.COM: NEIRO/USDT
2025-02-10 19:39:14,570 - INFO - - Phemex: NEIRO/USDT
2025-02-10 19:39:14,570 - INFO - - Uniswap V2 (Ethereum): 0X812BA41E071C7B7FA4EBCFB62DF5F45F6FA853EE/0XC02AAA39B223FE8D0A0E5C4F27EAD9083C756CC2
2025-02-10 19:39:14,571 - INFO - - BitMart: NEIRO/USDT
2025-02-10 19:39:14,571 - INFO - - Bitso: NEIRO/USD
2025-02-10 19:39:14,572 - INFO - - CoinEx: NEIROCTO/USDT
2025-02-10 19:39:14,572 - INFO - - Bit2Me: NEIRO/USDT
2025-02-10 19:39:14,572 - INFO - - TokoCrypto: NEIRO/USDT
2025-02-10 19:39:14,573 - INFO - - Bybit: NEIROCTO/USDT
2025-02-10 19:39:14,573 - INFO - - Binance: NEIRO/USDC
2025-02-10 19:39:14,574 - INFO - - Binance: NEIRO/FDUSD
2025-02-10 19:39:14,574 - INFO - - Bitvavo: NEIRO/EUR
2025-02-10 19:39:14,574 - INFO - - Kraken: NEIRO/USD
2025-02-10 19:39:14,575 - INFO - - Ourbit: NEIROCTO/USDT
2025-02-10 19:39:14,575 - INFO - - Slex: NEIRO/USDT
2025-02-10 19:39:14,575 - INFO - - Bitget: NEIROCTO/EUR
2025-02-10 19:39:14,576 - INFO - - OKX: NEIRO/USDC
2025-02-10 19:39:14,576 - INFO - - Kraken: NEIRO/EUR
2025-02-10 19:39:14,577 - INFO - - HashKey Global: NEIRO/USDT
2025-02-10 19:39:14,577 - INFO - - Bit2Me: NEIRO/USDC
2025-02-10 19:39:14,577 - INFO - - Binance: NEIRO/EUR
2025-02-10 19:39:14,578 - INFO - - BVOX: NEIRO/USDT
2025-02-10 19:39:14,578 - INFO - - Bitlo: NEIRO/TRY
2025-02-10 19:39:14,579 - INFO - - Bitlo: NEIRO/USDT
2025-02-10 19:39:14,579 - INFO - - Uniswap V3 (Ethereum): 0X812BA41E071C7B7FA4EBCFB62DF5F45F6FA853EE/0XC02AAA39B223FE8D0A0E5C4F27EAD9083C756CC2
2025-02-10 19:39:14,580 - INFO - - VALR: NEIRO/USDT
2025-02-10 19:39:14,580 - INFO - - Binance: NEIRO/BRL
2025-02-10 19:39:14,580 - INFO - - BTCC: NEIRO/USDT
2025-02-10 19:39:14,581 - INFO - - Nami.Exchange: NEIRO/USDT
2025-02-10 19:39:14,581 - INFO - - Nami.Exchange: NEIRO/VNST
2025-02-10 19:39:14,581 - INFO - - Uniswap V2 (Ethereum): 0X812BA41E071C7B7FA4EBCFB62DF5F45F6FA853EE/0XF2EC4A773EF90C58D98EA734C0EBDB538519B988
2025-02-10 19:39:14,582 - INFO - - Uniswap V3 (Ethereum): 0X812BA41E071C7B7FA4EBCFB62DF5F45F6FA853EE/0XC02AAA39B223FE8D0A0E5C4F27EAD9083C756CC2
2025-02-10 19:39:14,582 - INFO - - Uniswap V2 (Ethereum): 0X812BA41E071C7B7FA4EBCFB62DF5F45F6FA853EE/0X85BEA4EE627B795A79583FCEDE229E198AA57055
2025-02-10 19:39:14,583 - INFO - - BingX: NEIROCTO/USDT
2025-02-10 19:39:14,583 - INFO - - Mudrex: NEIRO/USDT
2025-02-10 19:39:14,583 - INFO - - TokoCrypto: NEIRO/IDR
2025-02-10 19:39:14,584 - INFO - - Bithumb: NEIRO/KRW
2025-02-10 19:39:14,584 - INFO - - Bilaxy: NEIRO2/ETH
2025-02-10 19:39:14,585 - INFO - - AscendEX (BitMax): NEIROETH/USDT
2025-02-10 19:39:14,585 - INFO - - Giottus: NEIRO/INR
2025-02-10 19:39:14,585 - INFO - - ZebPay: NEIRO/INR
2025-02-10 19:39:14,586 - INFO - - Uniswap V3 (Ethereum): 0X812BA41E071C7B7FA4EBCFB62DF5F45F6FA853EE/0XBABE3CE7835665464228DF00B03246115C30730A
2025-02-10 19:39:14,586 - INFO - - Matcha (Ethereum): 0X812BA41E071C7B7FA4EBCFB62DF5F45F6FA853EE/0XA0B86991C6218B36C1D19D4A2E9EB0CE3606EB48
2025-02-10 19:39:27,938 - INFO - Znalezione tokeny:
2025-02-10 19:39:27,939 - INFO - 1. ID: neiro - Name: Neiro - Symbol: neiro
2025-02-10 19:39:27,939 - INFO - 2. ID: neiro-2 - Name: Neiro - Symbol: neiro
2025-02-10 19:39:27,940 - INFO - 3. ID: neiro-3 - Name: Neiro - Symbol: neiro
2025-02-10 19:39:27,940 - INFO - 4. ID: neiro-4 - Name: Neiro - Symbol: neiro
2025-02-10 19:39:27,941 - INFO - 5. ID: neiro-on-eth - Name: Neiro on ETH - Symbol: neiro
2025-02-10 19:39:27,941 - INFO - 6. ID: neiro-on-tron - Name: Neiro on Tron - Symbol: neiro
2025-02-10 19:40:58,251 - INFO - Znalezione tokeny:
2025-02-10 19:40:58,252 - INFO - 1. ID: neiro - Name: Neiro - Symbol: neiro
2025-02-10 19:40:58,253 - INFO - 2. ID: neiro-2 - Name: Neiro - Symbol: neiro
2025-02-10 19:40:58,253 - INFO - 3. ID: neiro-3 - Name: Neiro - Symbol: neiro
2025-02-10 19:40:58,254 - INFO - 4. ID: neiro-4 - Name: Neiro - Symbol: neiro
2025-02-10 19:40:58,254 - INFO - 5. ID: neiro-on-eth - Name: Neiro on ETH - Symbol: neiro
2025-02-10 19:40:58,255 - INFO - 6. ID: neiro-on-tron - Name: Neiro on Tron - Symbol: neiro
2025-02-10 19:41:00,971 - INFO - 
Token Neiro (ID: neiro-4) jest notowany na następujących giełdach:
2025-02-10 19:41:00,972 - INFO - - Uniswap V2 (Ethereum): 0XA6180029845469E89C507FE3EAFEDFA242687822/0XC02AAA39B223FE8D0A0E5C4F27EAD9083C756CC2
2025-02-10 19:41:20,957 - INFO - Znalezione tokeny:
2025-02-10 19:41:20,959 - INFO - 1. ID: neiro - Name: Neiro - Symbol: neiro
2025-02-10 19:41:20,959 - INFO - 2. ID: neiro-2 - Name: Neiro - Symbol: neiro
2025-02-10 19:41:20,960 - INFO - 3. ID: neiro-3 - Name: Neiro - Symbol: neiro
2025-02-10 19:41:20,961 - INFO - 4. ID: neiro-4 - Name: Neiro - Symbol: neiro
2025-02-10 19:41:20,961 - INFO - 5. ID: neiro-on-eth - Name: Neiro on ETH - Symbol: neiro
2025-02-10 19:41:20,962 - INFO - 6. ID: neiro-on-tron - Name: Neiro on Tron - Symbol: neiro
2025-02-10 19:41:27,471 - INFO - 
Token Neiro on ETH (ID: neiro-on-eth) jest notowany na następujących giełdach:
2025-02-10 19:41:27,472 - INFO - - Gate.io: NEIROETH/USDT
2025-02-10 19:41:27,473 - INFO - - XT.COM: NEIROETH/USDT
2025-02-10 19:41:27,473 - INFO - - MEXC: NEIROETH/USDT
2025-02-10 19:41:27,474 - INFO - - LCX Exchange: NEIRO/EUR
2025-02-10 19:41:27,474 - INFO - - KuCoin: NEIRO/USDT
2025-02-10 19:41:27,475 - INFO - - Uniswap V2 (Ethereum): 0XEE2A03AA6DACF51C18679C516AD5283D8E7C2637/0XC02AAA39B223FE8D0A0E5C4F27EAD9083C756CC2
2025-02-10 19:41:27,475 - INFO - - Uniswap V3 (Ethereum): 0XEE2A03AA6DACF51C18679C516AD5283D8E7C2637/0XC02AAA39B223FE8D0A0E5C4F27EAD9083C756CC2
2025-02-10 19:41:27,476 - INFO - - Bitget: NEIROETH/USDT
2025-02-10 19:41:27,476 - INFO - - CoinEx: NEIROETH/USDT
2025-02-10 19:41:27,477 - INFO - - Bybit: NEIRO/USDT
2025-02-10 19:41:27,477 - INFO - - DeGate: 0XEE2A03AA6DACF51C18679C516AD5283D8E7C2637/0XA0B86991C6218B36C1D19D4A2E9EB0CE3606EB48
2025-02-10 19:41:27,477 - INFO - - Bitunix: NEIROETH/USDT
2025-02-10 19:41:27,478 - INFO - - Ourbit: NEIROETH/USDT
2025-02-10 19:41:27,478 - INFO - - BloFin: NEIROETH/USDT
2025-02-10 19:41:27,479 - INFO - - Crypto.com Exchange: NEIROETH/USD
2025-02-10 19:41:27,479 - INFO - - Bitrue: NEIROETH/USDT
2025-02-10 19:41:27,480 - INFO - - HTX: NEIROETH/USDT
2025-02-10 19:41:27,480 - INFO - - AscendEX (BitMax): NEIRO/USDT
2025-02-10 19:41:27,481 - INFO - - BVOX: NEIROETH/USDT
2025-02-10 19:41:27,481 - INFO - - LBank: NEIROETH/USDT
2025-02-10 19:41:27,481 - INFO - - DigiFinex: NEIRO/USDT
2025-02-10 19:41:27,482 - INFO - - WOO X: NEIRO/USDT
2025-02-10 19:41:27,482 - INFO - - WEEX: NEIROETH/USDT
2025-02-10 19:41:27,482 - INFO - - Mercado Bitcoin: NEIRO/BRL
2025-02-10 19:41:27,483 - INFO - - FameEX: NEIRO/USDT
2025-02-10 19:41:27,483 - INFO - - Tothemoon: NEIRO/USDT
2025-02-10 19:41:27,484 - INFO - - Uniswap V3 (Ethereum): 0XD4419C2D3DAA986DC30444FA333A846BE44FD1EB/0XEE2A03AA6DACF51C18679C516AD5283D8E7C2637
2025-02-10 19:41:27,484 - INFO - - Coins.ph: NEIRO/PHP
2025-02-10 19:41:27,484 - INFO - - BingX: NEIROETH/USDT
2025-02-10 19:41:27,485 - INFO - - Bilaxy: NEIRO/ETH
2025-02-10 19:41:27,485 - INFO - - Bittime: NEIRO/IDR
2025-02-10 19:41:27,485 - INFO - - BTSE: NEIROETH/USDT
2025-02-10 19:41:27,486 - INFO - - Biconomy.com: NEIRO/USDT
2025-02-10 19:41:27,486 - INFO - - NovaDAX: NEIROETH/BRL
2025-02-10 19:41:27,486 - INFO - - Poloniex: NEIROETH/USDT
2025-02-10 19:41:44,009 - INFO - Znalezione tokeny:
2025-02-10 19:41:44,010 - INFO - 1. ID: neiro - Name: Neiro - Symbol: neiro
2025-02-10 19:41:44,010 - INFO - 2. ID: neiro-2 - Name: Neiro - Symbol: neiro
2025-02-10 19:41:44,011 - INFO - 3. ID: neiro-3 - Name: Neiro - Symbol: neiro
2025-02-10 19:41:44,011 - INFO - 4. ID: neiro-4 - Name: Neiro - Symbol: neiro
2025-02-10 19:41:44,011 - INFO - 5. ID: neiro-on-eth - Name: Neiro on ETH - Symbol: neiro
2025-02-10 19:41:44,012 - INFO - 6. ID: neiro-on-tron - Name: Neiro on Tron - Symbol: neiro
2025-02-10 19:41:46,616 - INFO - 
Token Neiro on Tron (ID: neiro-on-tron) jest notowany na następujących giełdach:
2025-02-10 19:41:46,617 - INFO - - SunSwap V2: TCGPC27OYS2X7S5PEX7SSYZXZ2EDPWONK2/TNUC9QB1RRPS5CBWLMNMXXBJYFOYDXJWFR
2025-02-10 19:41:46,617 - INFO - - Poloniex: NEIROTRX/USDT
