2025-02-16 20:16:39,659 - INFO - Pair: kucoin-bitstamp | Symbol: ETH/USDT | Unprofitable: Profit poniżej progu arbitrażu.
2025-02-16 20:16:39,980 - INFO - Pair: binance-kucoin | Symbol: MOVR/USDT | Unprofitable: Profit poniżej progu arbitrażu.
2025-02-16 20:16:40,003 - INFO - Pair: kucoin-bitget | Symbol: MOVR/USDT | Unprofitable: Profit poniżej progu arbitrażu.
2025-02-16 20:16:40,019 - INFO - Pair: bitget-bitstamp | Symbol: DOGE/EUR | Unprofitable: Profit poniżej progu arbitrażu.
2025-02-16 20:16:40,111 - INFO - Pair: binance-bitstamp | Symbol: DOT/EUR | Unprofitable: Profit poniżej progu arbitrażu.
2025-02-16 20:16:40,113 - INFO - Pair: binance-bitget | Symbol: MOVR/USDT | Unprofitable: Profit poniżej progu arbitrażu.
2025-02-16 20:16:40,390 - INFO - Pair: kucoin-bitstamp | Symbol: XRP/USDT | Unprofitable: Profit poniżej progu arbitrażu.
2025-02-16 20:16:40,632 - INFO - Pair: binance-kucoin | Symbol: DENT/USDT | Unprofitable: Profit poniżej progu arbitrażu.
2025-02-16 20:16:40,788 - INFO - Pair: binance-bitget | Symbol: DENT/USDT | Unprofitable: Profit poniżej progu arbitrażu.
2025-02-16 20:16:40,829 - INFO - Pair: kucoin-bitget | Symbol: PEAQ/USDT | Unprofitable: Profit poniżej progu arbitrażu.
2025-02-16 20:16:41,167 - INFO - Pair: bitget-bitstamp | Symbol: BTC/USDT | Unprofitable: Profit poniżej progu arbitrażu.
2025-02-16 20:16:41,297 - INFO - Pair: kucoin-bitstamp | Symbol: BTC/USDT | Unprofitable: Profit poniżej progu arbitrażu.
2025-02-16 20:16:41,393 - INFO - Pair: binance-kucoin | Symbol: DUSK/USDT | Unprofitable: Profit poniżej progu arbitrażu.
2025-02-16 20:16:41,465 - INFO - Pair: binance-bitget | Symbol: DUSK/USDT | Unprofitable: Profit poniżej progu arbitrażu.
2025-02-16 20:16:41,582 - INFO - Pair: kucoin-bitget | Symbol: DENT/USDT | Unprofitable: Profit poniżej progu arbitrażu.
2025-02-16 20:16:42,129 - INFO - Pair: binance-kucoin | Symbol: ONE/USDT | Unprofitable: Profit poniżej progu arbitrażu.
2025-02-16 20:16:42,210 - INFO - Pair: binance-bitget | Symbol: ONE/USDT | Unprofitable: Profit poniżej progu arbitrażu.
2025-02-16 20:16:42,351 - INFO - Pair: kucoin-bitget | Symbol: DUSK/USDT | Unprofitable: Profit poniżej progu arbitrażu.
2025-02-16 20:16:42,510 - INFO - Pair: bitget-bitstamp | Symbol: LINK/EUR | Unprofitable: Profit poniżej progu arbitrażu.
2025-02-16 20:16:42,581 - INFO - Pair: binance-bitstamp | Symbol: GRT/EUR | Unprofitable: Profit poniżej progu arbitrażu.
2025-02-16 20:16:42,664 - INFO - Pair: kucoin-bitstamp | Symbol: USDT/EUR | Unprofitable: Profit poniżej progu arbitrażu.
2025-02-16 20:16:42,878 - INFO - Pair: binance-kucoin | Symbol: PEOPLE/USDT | Unprofitable: Profit poniżej progu arbitrażu.
2025-02-16 20:16:42,896 - INFO - Pair: binance-bitget | Symbol: PEOPLE/USDT | Unprofitable: Profit poniżej progu arbitrażu.
2025-02-16 20:16:43,126 - INFO - Pair: kucoin-bitget | Symbol: SLERF/USDT | Unprofitable: Profit poniżej progu arbitrażu.
2025-02-16 20:16:43,556 - INFO - Pair: binance-bitget | Symbol: WBTC/USDT | Unprofitable: Profit poniżej progu arbitrażu.
2025-02-16 20:16:43,626 - INFO - Pair: binance-kucoin | Symbol: WBTC/USDT | Unprofitable: Profit poniżej progu arbitrażu.
2025-02-16 20:16:43,860 - INFO - Pair: kucoin-bitget | Symbol: ELON/USDT | Unprofitable: Profit poniżej progu arbitrażu.
2025-02-16 20:16:43,893 - INFO - Pair: bitget-bitstamp | Symbol: WIF/EUR | Unprofitable: Profit poniżej progu arbitrażu.
2025-02-16 20:16:44,007 - INFO - Pair: kucoin-bitstamp | Symbol: ETH/EUR | Unprofitable: Profit poniżej progu arbitrażu.
2025-02-16 20:16:44,214 - INFO - Pair: binance-bitget | Symbol: TRB/USDT | Unprofitable: Profit poniżej progu arbitrażu.
2025-02-16 20:16:44,348 - INFO - Pair: binance-kucoin | Symbol: TRB/USDT | Unprofitable: Profit poniżej progu arbitrażu.
2025-02-16 20:16:44,813 - INFO - Pair: kucoin-bitget | Symbol: MOG/USDT | Unprofitable: Profit poniżej progu arbitrażu.
2025-02-16 20:16:44,842 - INFO - Pair: binance-bitget | Symbol: LUMIA/USDT | Unprofitable: Profit poniżej progu arbitrażu.
2025-02-16 20:16:45,125 - INFO - Pair: binance-kucoin | Symbol: LUMIA/USDT | Unprofitable: Profit poniżej progu arbitrażu.
2025-02-16 20:16:45,230 - INFO - Pair: bitget-bitstamp | Symbol: ONDO/EUR | Unprofitable: Profit poniżej progu arbitrażu.
2025-02-16 20:16:45,311 - INFO - Pair: binance-bitstamp | Symbol: DOGE/EUR | Unprofitable: Profit poniżej progu arbitrażu.
2025-02-16 20:16:45,390 - INFO - Pair: kucoin-bitstamp | Symbol: USDC/USDT | Unprofitable: Profit poniżej progu arbitrażu.
2025-02-16 20:16:45,488 - INFO - Pair: binance-bitget | Symbol: VANA/USDT | Unprofitable: Profit poniżej progu arbitrażu.
2025-02-16 20:16:45,548 - INFO - Pair: kucoin-bitget | Symbol: ONE/USDT | Unprofitable: Profit poniżej progu arbitrażu.
2025-02-16 20:16:45,873 - INFO - Pair: binance-kucoin | Symbol: VANA/USDT | Unprofitable: Profit poniżej progu arbitrażu.
2025-02-16 20:16:46,172 - INFO - Pair: binance-bitget | Symbol: DYDX/USDT | Unprofitable: Profit poniżej progu arbitrażu.
2025-02-16 20:16:46,590 - INFO - Pair: bitget-bitstamp | Symbol: ETH/EUR | Unprofitable: Profit poniżej progu arbitrażu.
2025-02-16 20:16:46,646 - INFO - Pair: binance-kucoin | Symbol: ZEC/USDT | Unprofitable: Profit poniżej progu arbitrażu.
2025-02-16 20:16:46,671 - INFO - Pair: binance-bitstamp | Symbol: BTC/USDT | Unprofitable: Profit poniżej progu arbitrażu.
2025-02-16 20:16:46,751 - INFO - Pair: kucoin-bitstamp | Symbol: USDC/EUR | Unprofitable: Profit poniżej progu arbitrażu.
2025-02-16 20:16:46,832 - INFO - Pair: binance-bitget | Symbol: LRC/USDT | Unprofitable: Profit poniżej progu arbitrażu.
2025-02-16 20:16:46,843 - INFO - Pair: kucoin-bitget | Symbol: PEOPLE/USDT | Unprofitable: Profit poniżej progu arbitrażu.
2025-02-16 20:16:47,382 - INFO - Pair: binance-kucoin | Symbol: DYDX/USDT | Unprofitable: Profit poniżej progu arbitrażu.
2025-02-16 20:16:47,586 - INFO - Pair: binance-bitget | Symbol: BTC/EUR | Unprofitable: Profit poniżej progu arbitrażu.
2025-02-16 20:16:47,634 - INFO - Pair: kucoin-bitget | Symbol: VINE/USDT | Unprofitable: Profit poniżej progu arbitrażu.
2025-02-16 20:16:47,947 - INFO - Pair: bitget-bitstamp | Symbol: LTC/EUR | Unprofitable: Profit poniżej progu arbitrażu.
2025-02-16 20:16:48,013 - INFO - Pair: binance-bitstamp | Symbol: LINK/EUR | Unprofitable: Profit poniżej progu arbitrażu.
2025-02-16 20:16:48,093 - INFO - Pair: kucoin-bitstamp | Symbol: BTC/EUR | Unprofitable: Profit poniżej progu arbitrażu.
2025-02-16 20:16:48,299 - INFO - Pair: binance-bitget | Symbol: SNT/USDT | Unprofitable: Profit poniżej progu arbitrażu.
2025-02-16 20:16:48,363 - INFO - Pair: kucoin-bitget | Symbol: WBTC/USDT | Unprofitable: Profit poniżej progu arbitrażu.
2025-02-16 20:16:48,899 - INFO - Pair: binance-kucoin | Symbol: LRC/USDT | Unprofitable: Profit poniżej progu arbitrażu.
2025-02-16 20:16:48,944 - INFO - Pair: binance-bitget | Symbol: ATM/USDT | Unprofitable: Profit poniżej progu arbitrażu.
2025-02-16 20:16:49,146 - INFO - Pair: kucoin-bitget | Symbol: TRB/USDT | Unprofitable: Profit poniżej progu arbitrażu.
2025-02-16 20:16:49,321 - INFO - Pair: bitget-bitstamp | Symbol: PEPE/EUR | Unprofitable: Profit poniżej progu arbitrażu.
2025-02-16 20:16:49,625 - INFO - Pair: kucoin-bitstamp | Symbol: ETH/USDT | Unprofitable: Profit poniżej progu arbitrażu.
2025-02-16 20:16:49,682 - INFO - Pair: binance-bitget | Symbol: CGPT/USDT | Unprofitable: Profit poniżej progu arbitrażu.
2025-02-16 20:16:49,882 - INFO - Pair: binance-kucoin | Symbol: DCR/USDT | Unprofitable: Profit poniżej progu arbitrażu.
2025-02-16 20:16:50,070 - INFO - Pair: kucoin-bitget | Symbol: LUMIA/USDT | Unprofitable: Profit poniżej progu arbitrażu.
2025-02-16 20:16:50,355 - INFO - Pair: binance-bitget | Symbol: ARKM/USDT | Unprofitable: Profit poniżej progu arbitrażu.
2025-02-16 20:16:50,640 - INFO - Pair: binance-kucoin | Symbol: BTC/EUR | Unprofitable: Profit poniżej progu arbitrażu.
2025-02-16 20:16:50,695 - INFO - Pair: bitget-bitstamp | Symbol: ETH/USDT | Unprofitable: Profit poniżej progu arbitrażu.
2025-02-16 20:16:50,751 - INFO - Pair: binance-bitstamp | Symbol: WIF/EUR | Unprofitable: Profit poniżej progu arbitrażu.
2025-02-16 20:16:50,830 - INFO - Pair: kucoin-bitstamp | Symbol: XRP/USDT | Unprofitable: Profit poniżej progu arbitrażu.
2025-02-16 20:16:50,835 - INFO - Pair: kucoin-bitget | Symbol: ZCX/USDT | Unprofitable: Profit poniżej progu arbitrażu.
2025-02-16 20:16:51,022 - INFO - Pair: binance-bitget | Symbol: ONG/USDT | Unprofitable: Profit poniżej progu arbitrażu.
2025-02-16 20:16:51,628 - INFO - Pair: binance-kucoin | Symbol: CGPT/USDT | Unprofitable: Profit poniżej progu arbitrażu.
2025-02-16 20:16:51,730 - INFO - Pair: binance-bitget | Symbol: ALPINE/USDT | Unprofitable: Profit poniżej progu arbitrażu.
2025-02-16 20:16:51,821 - INFO - Pair: kucoin-bitget | Symbol: VANA/USDT | Unprofitable: Profit poniżej progu arbitrażu.
2025-02-16 20:16:52,032 - INFO - Pair: bitget-bitstamp | Symbol: NEAR/EUR | Unprofitable: Profit poniżej progu arbitrażu.
2025-02-16 20:16:52,188 - INFO - Pair: kucoin-bitstamp | Symbol: BTC/USDT | Unprofitable: Profit poniżej progu arbitrażu.
2025-02-16 20:16:52,381 - INFO - Pair: binance-kucoin | Symbol: ARKM/USDT | Unprofitable: Profit poniżej progu arbitrażu.
2025-02-16 20:16:52,513 - INFO - Pair: binance-bitget | Symbol: UMA/USDT | Unprofitable: Profit poniżej progu arbitrażu.
2025-02-16 20:16:52,582 - INFO - Pair: kucoin-bitget | Symbol: DRIFT/USDT | Unprofitable: Profit poniżej progu arbitrażu.
2025-02-16 20:16:53,110 - INFO - Pair: binance-kucoin | Symbol: ALPINE/USDT | Unprofitable: Profit poniżej progu arbitrażu.
2025-02-16 20:16:53,235 - INFO - Pair: binance-bitget | Symbol: TAO/USDT | Unprofitable: Profit poniżej progu arbitrażu.
2025-02-16 20:16:53,346 - INFO - Pair: kucoin-bitget | Symbol: DYDX/USDT | Unprofitable: Profit poniżej progu arbitrażu.
2025-02-16 20:16:53,389 - INFO - Pair: bitget-bitstamp | Symbol: XRP/USDT | Unprofitable: Profit poniżej progu arbitrażu.
2025-02-16 20:16:53,475 - INFO - Pair: binance-bitstamp | Symbol: EGLD/EUR | Unprofitable: Profit poniżej progu arbitrażu.
2025-02-16 20:16:53,547 - INFO - Pair: kucoin-bitstamp | Symbol: USDT/EUR | Unprofitable: Profit poniżej progu arbitrażu.
2025-02-16 20:16:53,879 - INFO - Pair: binance-kucoin | Symbol: UMA/USDT | Unprofitable: Profit poniżej progu arbitrażu.
2025-02-16 20:16:53,945 - INFO - Pair: binance-bitget | Symbol: RAY/USDT | Unprofitable: Profit poniżej progu arbitrażu.
2025-02-16 20:16:54,310 - INFO - Pair: kucoin-bitget | Symbol: LRC/USDT | Unprofitable: Profit poniżej progu arbitrażu.
2025-02-16 20:16:54,637 - INFO - Pair: binance-kucoin | Symbol: TAO/USDT | Unprofitable: Profit poniżej progu arbitrażu.
2025-02-16 20:16:54,676 - INFO - Pair: binance-bitget | Symbol: BNX/USDT | Unprofitable: Profit poniżej progu arbitrażu.
2025-02-16 20:16:54,753 - INFO - Pair: bitget-bitstamp | Symbol: USDT/EUR | Unprofitable: Profit poniżej progu arbitrażu.
2025-02-16 20:16:54,903 - INFO - Pair: kucoin-bitstamp | Symbol: ETH/EUR | Unprofitable: Profit poniżej progu arbitrażu.
2025-02-16 20:16:55,069 - INFO - Pair: kucoin-bitget | Symbol: BTC/EUR | Unprofitable: Profit poniżej progu arbitrażu.
2025-02-16 20:16:55,392 - INFO - Pair: binance-kucoin | Symbol: RAY/USDT | Unprofitable: Profit poniżej progu arbitrażu.
2025-02-16 20:16:55,409 - INFO - Pair: binance-bitget | Symbol: CETUS/USDT | Unprofitable: Profit poniżej progu arbitrażu.
2025-02-16 20:16:55,820 - INFO - Pair: kucoin-bitget | Symbol: SMILE/USDT | Unprofitable: Profit poniżej progu arbitrażu.
2025-02-16 20:16:56,076 - INFO - Pair: binance-bitget | Symbol: ENS/USDT | Unprofitable: Profit poniżej progu arbitrażu.
2025-02-16 20:16:56,103 - INFO - Pair: bitget-bitstamp | Symbol: XRP/EUR | Unprofitable: Profit poniżej progu arbitrażu.
2025-02-16 20:16:56,157 - INFO - Pair: binance-kucoin | Symbol: CETUS/USDT | Unprofitable: Profit poniżej progu arbitrażu.
2025-02-16 20:16:56,270 - INFO - Pair: kucoin-bitstamp | Symbol: USDC/USDT | Unprofitable: Profit poniżej progu arbitrażu.
2025-02-16 20:16:56,591 - INFO - Pair: kucoin-bitget | Symbol: MXC/USDT | Unprofitable: Profit poniżej progu arbitrażu.
2025-02-16 20:16:56,738 - INFO - Pair: binance-bitget | Symbol: HIVE/USDT | Unprofitable: Profit poniżej progu arbitrażu.
2025-02-16 20:16:56,896 - INFO - Pair: binance-kucoin | Symbol: ENS/USDT | Unprofitable: Profit poniżej progu arbitrażu.
2025-02-16 20:16:57,358 - INFO - Pair: kucoin-bitget | Symbol: PMG/USDT | Unprofitable: Profit poniżej progu arbitrażu.
2025-02-16 20:16:57,457 - INFO - Pair: binance-bitget | Symbol: SNX/USDT | Unprofitable: Profit poniżej progu arbitrażu.
2025-02-16 20:16:57,464 - INFO - Pair: bitget-bitstamp | Symbol: BTC/EUR | Unprofitable: Profit poniżej progu arbitrażu.
2025-02-16 20:16:57,544 - INFO - Pair: binance-bitstamp | Symbol: XLM/EUR | Unprofitable: Profit poniżej progu arbitrażu.
2025-02-16 20:16:57,622 - INFO - Pair: kucoin-bitstamp | Symbol: USDC/EUR | Unprofitable: Profit poniżej progu arbitrażu.
2025-02-16 20:16:57,638 - INFO - Pair: binance-kucoin | Symbol: SNX/USDT | Unprofitable: Profit poniżej progu arbitrażu.
2025-02-16 20:16:58,124 - INFO - Pair: binance-bitget | Symbol: IQ/USDT | Unprofitable: Profit poniżej progu arbitrażu.
2025-02-16 20:16:58,129 - INFO - Pair: kucoin-bitget | Symbol: MYRIA/USDT | Unprofitable: Profit poniżej progu arbitrażu.
2025-02-16 20:16:58,553 - INFO - Pair: binance-kucoin | Symbol: AUDIO/USDT | Unprofitable: Profit poniżej progu arbitrażu.
2025-02-16 20:16:58,817 - INFO - Pair: bitget-bitstamp | Symbol: ADA/EUR | Unprofitable: Profit poniżej progu arbitrażu.
2025-02-16 20:16:58,819 - INFO - Pair: binance-bitget | Symbol: VIC/USDT | Unprofitable: Profit poniżej progu arbitrażu.
2025-02-16 20:16:58,860 - INFO - Pair: kucoin-bitget | Symbol: CGPT/USDT | Unprofitable: Profit poniżej progu arbitrażu.
2025-02-16 20:16:58,906 - INFO - Pair: binance-bitstamp | Symbol: ARB/EUR | Unprofitable: Profit poniżej progu arbitrażu.
2025-02-16 20:16:58,990 - INFO - Pair: kucoin-bitstamp | Symbol: BTC/EUR | Unprofitable: Profit poniżej progu arbitrażu.
2025-02-16 20:16:59,298 - INFO - Pair: binance-kucoin | Symbol: SUSHI/USDT | Unprofitable: Profit poniżej progu arbitrażu.
2025-02-16 20:16:59,466 - INFO - Pair: binance-bitget | Symbol: AUDIO/USDT | Unprofitable: Profit poniżej progu arbitrażu.
2025-02-16 20:16:59,581 - INFO - Pair: kucoin-bitget | Symbol: ARKM/USDT | Unprofitable: Profit poniżej progu arbitrażu.
2025-02-16 20:17:00,032 - INFO - Pair: binance-kucoin | Symbol: NEO/USDT | Unprofitable: Profit poniżej progu arbitrażu.
2025-02-16 20:17:00,190 - INFO - Pair: bitget-bitstamp | Symbol: SHIB/EUR | Unprofitable: Profit poniżej progu arbitrażu.
2025-02-16 20:17:00,219 - INFO - Pair: binance-bitget | Symbol: SUSHI/USDT | Unprofitable: Profit poniżej progu arbitrażu.
2025-02-16 20:17:00,308 - INFO - Pair: kucoin-bitget | Symbol: BLAST/USDT | Unprofitable: Profit poniżej progu arbitrażu.
2025-02-16 20:17:00,416 - INFO - Pair: binance-bitstamp | Symbol: ETH/EUR | Unprofitable: Profit poniżej progu arbitrażu.
2025-02-16 20:17:00,543 - INFO - Pair: kucoin-bitstamp | Symbol: ETH/USDT | Unprofitable: Profit poniżej progu arbitrażu.
2025-02-16 20:17:00,833 - INFO - Pair: binance-kucoin | Symbol: FTT/USDT | Unprofitable: Profit poniżej progu arbitrażu.
2025-02-16 20:17:00,926 - INFO - Pair: binance-bitget | Symbol: NEO/USDT | Unprofitable: Profit poniżej progu arbitrażu.
2025-02-16 20:17:01,054 - INFO - Pair: kucoin-bitget | Symbol: ALPINE/USDT | Unprofitable: Profit poniżej progu arbitrażu.
2025-02-16 20:17:01,563 - INFO - Pair: bitget-bitstamp | Symbol: AVAX/EUR | Unprofitable: Profit poniżej progu arbitrażu.
2025-02-16 20:17:01,589 - INFO - Pair: binance-bitget | Symbol: FTT/USDT | Unprofitable: Profit poniżej progu arbitrażu.
2025-02-16 20:17:01,601 - INFO - Pair: binance-kucoin | Symbol: RENDER/USDT | Unprofitable: Profit poniżej progu arbitrażu.
2025-02-16 20:17:01,754 - INFO - Pair: kucoin-bitstamp | Symbol: XRP/USDT | Unprofitable: Profit poniżej progu arbitrażu.
2025-02-16 20:17:01,780 - INFO - Pair: kucoin-bitget | Symbol: UMA/USDT | Unprofitable: Profit poniżej progu arbitrażu.
2025-02-16 20:17:01,832 - INFO - Pair: binance-bitstamp | Symbol: TRUMP/EUR | Unprofitable: Profit poniżej progu arbitrażu.
2025-02-16 20:17:02,269 - INFO - Pair: binance-bitget | Symbol: RENDER/USDT | Unprofitable: Profit poniżej progu arbitrażu.
2025-02-16 20:17:02,353 - INFO - Pair: binance-kucoin | Symbol: APE/USDT | Unprofitable: Profit poniżej progu arbitrażu.
2025-02-16 20:17:02,806 - INFO - Pair: kucoin-bitget | Symbol: TAO/USDT | Unprofitable: Profit poniżej progu arbitrażu.
2025-02-16 20:17:02,945 - INFO - Pair: bitget-bitstamp | Symbol: SOL/EUR | Unprofitable: Profit poniżej progu arbitrażu.
2025-02-16 20:17:03,014 - INFO - Pair: binance-bitget | Symbol: BAKE/USDT | Unprofitable: Profit poniżej progu arbitrażu.
2025-02-16 20:17:03,100 - INFO - Pair: binance-kucoin | Symbol: OGN/USDT | Unprofitable: Profit poniżej progu arbitrażu.
2025-02-16 20:17:03,114 - INFO - Pair: kucoin-bitstamp | Symbol: BTC/USDT | Unprofitable: Profit poniżej progu arbitrażu.
2025-02-16 20:17:03,173 - INFO - Pair: binance-bitstamp | Symbol: LTC/EUR | Unprofitable: Profit poniżej progu arbitrażu.
2025-02-16 20:17:03,549 - INFO - Pair: kucoin-bitget | Symbol: NFT/USDT | Unprofitable: Profit poniżej progu arbitrażu.
2025-02-16 20:17:03,664 - INFO - Pair: binance-bitget | Symbol: PHB/USDT | Unprofitable: Profit poniżej progu arbitrażu.
2025-02-16 20:17:04,061 - INFO - Pair: binance-kucoin | Symbol: COOKIE/USDT | Unprofitable: Profit poniżej progu arbitrażu.
2025-02-16 20:17:04,252 - INFO - Pair: kucoin-bitget | Symbol: CSPR/USDT | Unprofitable: Profit poniżej progu arbitrażu.
2025-02-16 20:17:04,308 - INFO - Pair: binance-bitget | Symbol: XRP/EUR | Unprofitable: Profit poniżej progu arbitrażu.
2025-02-16 20:17:04,320 - INFO - Pair: bitget-bitstamp | Symbol: USDC/USDT | Unprofitable: Profit poniżej progu arbitrażu.
2025-02-16 20:17:04,464 - INFO - Pair: kucoin-bitstamp | Symbol: USDT/EUR | Unprofitable: Profit poniżej progu arbitrażu.
2025-02-16 20:17:04,519 - INFO - Pair: binance-bitstamp | Symbol: OP/EUR | Unprofitable: Profit poniżej progu arbitrażu.
2025-02-16 20:17:04,790 - INFO - Pair: binance-kucoin | Symbol: TUSD/USDT | Unprofitable: Profit poniżej progu arbitrażu.
2025-02-16 20:17:05,036 - INFO - Pair: binance-bitget | Symbol: APE/USDT | Unprofitable: Profit poniżej progu arbitrażu.
2025-02-16 20:17:05,049 - INFO - Pair: kucoin-bitget | Symbol: BRETT/USDT | Unprofitable: Profit poniżej progu arbitrażu.
2025-02-16 20:17:05,539 - INFO - Pair: binance-kucoin | Symbol: RPL/USDT | Unprofitable: Profit poniżej progu arbitrażu.
2025-02-16 20:17:05,724 - INFO - Pair: bitget-bitstamp | Symbol: USDC/EUR | Unprofitable: Profit poniżej progu arbitrażu.
2025-02-16 20:17:05,815 - INFO - Pair: kucoin-bitstamp | Symbol: ETH/EUR | Unprofitable: Profit poniżej progu arbitrażu.
2025-02-16 20:17:05,819 - INFO - Pair: binance-bitget | Symbol: OGN/USDT | Unprofitable: Profit poniżej progu arbitrażu.
2025-02-16 20:17:05,824 - INFO - Pair: kucoin-bitget | Symbol: RAY/USDT | Unprofitable: Profit poniżej progu arbitrażu.
2025-02-16 20:17:06,310 - INFO - Pair: binance-kucoin | Symbol: DEXE/USDT | Unprofitable: Profit poniżej progu arbitrażu.
2025-02-16 20:17:06,605 - INFO - Pair: binance-bitget | Symbol: COOKIE/USDT | Unprofitable: Profit poniżej progu arbitrażu.
2025-02-16 20:17:06,762 - INFO - Pair: kucoin-bitget | Symbol: MASA/USDT | Unprofitable: Profit poniżej progu arbitrażu.
2025-02-16 20:17:07,065 - INFO - Pair: binance-kucoin | Symbol: GNS/USDT | Unprofitable: Profit poniżej progu arbitrażu.
2025-02-16 20:17:07,072 - INFO - Pair: bitget-bitstamp | Symbol: SUI/EUR | Unprofitable: Profit poniżej progu arbitrażu.
2025-02-16 20:17:07,143 - INFO - Pair: kucoin-bitstamp | Symbol: USDC/USDT | Unprofitable: Profit poniżej progu arbitrażu.
2025-02-16 20:17:07,275 - INFO - Pair: binance-bitstamp | Symbol: ETH/USDT | Unprofitable: Profit poniżej progu arbitrażu.
2025-02-16 20:17:07,282 - INFO - Pair: binance-bitget | Symbol: TUSD/USDT | Unprofitable: Profit poniżej progu arbitrażu.
2025-02-16 20:17:07,504 - INFO - Pair: kucoin-bitget | Symbol: CETUS/USDT | Unprofitable: Profit poniżej progu arbitrażu.
2025-02-16 20:17:07,934 - INFO - Pair: binance-bitget | Symbol: RPL/USDT | Unprofitable: Profit poniżej progu arbitrażu.
2025-02-16 20:17:08,042 - INFO - Pair: binance-kucoin | Symbol: SSV/USDT | Unprofitable: Profit poniżej progu arbitrażu.
2025-02-16 20:17:08,261 - INFO - Pair: kucoin-bitget | Symbol: HYPE/USDT | Unprofitable: Profit poniżej progu arbitrażu.
2025-02-16 20:17:08,510 - INFO - Pair: kucoin-bitstamp | Symbol: USDC/EUR | Unprofitable: Profit poniżej progu arbitrażu.
2025-02-16 20:17:08,620 - INFO - Pair: binance-bitstamp | Symbol: PEPE/EUR | Unprofitable: Profit poniżej progu arbitrażu.
2025-02-16 20:17:08,657 - INFO - Pair: binance-bitget | Symbol: LAYER/USDT | Unprofitable: Profit poniżej progu arbitrażu.
2025-02-16 20:17:08,701 - INFO - Pair: bitget-bitstamp | Symbol: DOGE/EUR | Unprofitable: Profit poniżej progu arbitrażu.
2025-02-16 20:17:08,777 - INFO - Pair: binance-kucoin | Symbol: MANTA/USDT | Unprofitable: Profit poniżej progu arbitrażu.
2025-02-16 20:17:09,000 - INFO - Pair: kucoin-bitget | Symbol: MAPO/USDT | Unprofitable: Profit poniżej progu arbitrażu.
2025-02-16 20:17:09,289 - INFO - Pair: binance-bitget | Symbol: GNS/USDT | Unprofitable: Profit poniżej progu arbitrażu.
2025-02-16 20:17:09,503 - INFO - Pair: binance-kucoin | Symbol: SOLV/USDT | Unprofitable: Profit poniżej progu arbitrażu.
2025-02-16 20:17:09,737 - INFO - Pair: kucoin-bitget | Symbol: ENS/USDT | Unprofitable: Profit poniżej progu arbitrażu.
2025-02-16 20:17:09,869 - INFO - Pair: kucoin-bitstamp | Symbol: BTC/EUR | Unprofitable: Profit poniżej progu arbitrażu.
2025-02-16 20:17:09,947 - INFO - Pair: binance-bitget | Symbol: SSV/USDT | Unprofitable: Profit poniżej progu arbitrażu.
2025-02-16 20:17:09,982 - INFO - Pair: binance-bitstamp | Symbol: NEAR/EUR | Unprofitable: Profit poniżej progu arbitrażu.
2025-02-16 20:17:10,077 - INFO - Pair: bitget-bitstamp | Symbol: BTC/USDT | Unprofitable: Profit poniżej progu arbitrażu.
2025-02-16 20:17:10,224 - INFO - Pair: binance-kucoin | Symbol: ASTR/USDT | Unprofitable: Profit poniżej progu arbitrażu.
2025-02-16 20:17:10,472 - INFO - Pair: kucoin-bitget | Symbol: SNX/USDT | Unprofitable: Profit poniżej progu arbitrażu.
2025-02-16 20:17:10,759 - INFO - Pair: binance-bitget | Symbol: MANTA/USDT | Unprofitable: Profit poniżej progu arbitrażu.
2025-02-16 20:17:10,954 - INFO - Pair: binance-kucoin | Symbol: ALT/USDT | Unprofitable: Profit poniżej progu arbitrażu.
2025-02-16 20:17:11,208 - INFO - Pair: kucoin-bitget | Symbol: URO/USDT | Unprofitable: Profit poniżej progu arbitrażu.
2025-02-16 20:17:11,351 - INFO - Pair: binance-bitstamp | Symbol: XRP/USDT | Unprofitable: Profit poniżej progu arbitrażu.
2025-02-16 20:17:11,425 - INFO - Pair: bitget-bitstamp | Symbol: LINK/EUR | Unprofitable: Profit poniżej progu arbitrażu.
2025-02-16 20:17:11,432 - INFO - Pair: binance-bitget | Symbol: SOLV/USDT | Unprofitable: Profit poniżej progu arbitrażu.
2025-02-16 20:17:11,503 - INFO - Pair: kucoin-bitstamp | Symbol: ETH/USDT | Unprofitable: Profit poniżej progu arbitrażu.
2025-02-16 20:17:11,704 - INFO - Pair: binance-kucoin | Symbol: MAGIC/USDT | Unprofitable: Profit poniżej progu arbitrażu.
2025-02-16 20:17:11,947 - INFO - Pair: kucoin-bitget | Symbol: AUDIO/USDT | Unprofitable: Profit poniżej progu arbitrażu.
2025-02-16 20:17:12,175 - INFO - Pair: binance-bitget | Symbol: ASTR/USDT | Unprofitable: Profit poniżej progu arbitrażu.
2025-02-16 20:17:12,468 - INFO - Pair: binance-kucoin | Symbol: IOTX/USDT | Unprofitable: Profit poniżej progu arbitrażu.
2025-02-16 20:17:12,696 - INFO - Pair: binance-bitstamp | Symbol: BTC/EUR | Unprofitable: Profit poniżej progu arbitrażu.
2025-02-16 20:17:12,700 - INFO - Pair: kucoin-bitget | Symbol: IP/USDT | Unprofitable: Profit poniżej progu arbitrażu.
2025-02-16 20:17:12,792 - INFO - Pair: bitget-bitstamp | Symbol: WIF/EUR | Unprofitable: Profit poniżej progu arbitrażu.
2025-02-16 20:17:12,843 - INFO - Pair: binance-bitget | Symbol: ALT/USDT | Unprofitable: Profit poniżej progu arbitrażu.
2025-02-16 20:17:12,862 - INFO - Pair: kucoin-bitstamp | Symbol: XRP/USDT | Unprofitable: Profit poniżej progu arbitrażu.
2025-02-16 20:17:13,217 - INFO - Pair: binance-kucoin | Symbol: G/USDT | Unprofitable: Profit poniżej progu arbitrażu.
2025-02-16 20:17:13,437 - INFO - Pair: kucoin-bitget | Symbol: SUSHI/USDT | Unprofitable: Profit poniżej progu arbitrażu.
2025-02-16 20:17:13,505 - INFO - Pair: binance-bitget | Symbol: MAGIC/USDT | Unprofitable: Profit poniżej progu arbitrażu.
2025-02-16 20:17:13,944 - INFO - Pair: binance-kucoin | Symbol: OMNI/USDT | Unprofitable: Profit poniżej progu arbitrażu.
2025-02-16 20:17:14,010 - INFO - Pair: binance-bitstamp | Symbol: XRP/EUR | Unprofitable: Profit poniżej progu arbitrażu.
2025-02-16 20:17:14,157 - INFO - Pair: bitget-bitstamp | Symbol: ONDO/EUR | Unprofitable: Profit poniżej progu arbitrażu.
2025-02-16 20:17:14,188 - INFO - Pair: binance-bitget | Symbol: IOTX/USDT | Unprofitable: Profit poniżej progu arbitrażu.
2025-02-16 20:17:14,194 - INFO - Pair: kucoin-bitget | Symbol: NEO/USDT | Unprofitable: Profit poniżej progu arbitrażu.
2025-02-16 20:17:14,314 - INFO - Pair: kucoin-bitstamp | Symbol: BTC/USDT | Unprofitable: Profit poniżej progu arbitrażu.
2025-02-16 20:17:14,680 - INFO - Pair: binance-kucoin | Symbol: SHIB/USDT | Unprofitable: Profit poniżej progu arbitrażu.
2025-02-16 20:17:14,887 - INFO - Pair: binance-bitget | Symbol: G/USDT | Unprofitable: Profit poniżej progu arbitrażu.
2025-02-16 20:17:14,952 - INFO - Pair: kucoin-bitget | Symbol: SWARMS/USDT | Unprofitable: Profit poniżej progu arbitrażu.
2025-02-16 20:17:15,393 - INFO - Pair: binance-bitstamp | Symbol: ADA/EUR | Unprofitable: Profit poniżej progu arbitrażu.
2025-02-16 20:17:15,396 - INFO - Pair: binance-kucoin | Symbol: DATA/USDT | Unprofitable: Profit poniżej progu arbitrażu.
2025-02-16 20:17:15,487 - INFO - Pair: bitget-bitstamp | Symbol: ETH/EUR | Unprofitable: Profit poniżej progu arbitrażu.
2025-02-16 20:17:15,615 - INFO - Pair: binance-bitget | Symbol: JOE/USDT | Unprofitable: Profit poniżej progu arbitrażu.
2025-02-16 20:17:15,673 - INFO - Pair: kucoin-bitstamp | Symbol: USDT/EUR | Unprofitable: Profit poniżej progu arbitrażu.
2025-02-16 20:17:15,698 - INFO - Pair: kucoin-bitget | Symbol: FTT/USDT | Unprofitable: Profit poniżej progu arbitrażu.
2025-02-16 20:17:16,163 - INFO - Pair: binance-kucoin | Symbol: IOST/USDT | Unprofitable: Profit poniżej progu arbitrażu.
2025-02-16 20:17:16,347 - INFO - Pair: binance-bitget | Symbol: SHIB/USDT | Unprofitable: Profit poniżej progu arbitrażu.
2025-02-16 20:17:16,593 - INFO - Pair: kucoin-bitget | Symbol: ONDO/USDT | Unprofitable: Profit poniżej progu arbitrażu.
2025-02-16 20:17:16,743 - INFO - Pair: binance-bitstamp | Symbol: BCH/EUR | Unprofitable: Profit poniżej progu arbitrażu.
2025-02-16 20:17:16,850 - INFO - Pair: bitget-bitstamp | Symbol: LTC/EUR | Unprofitable: Profit poniżej progu arbitrażu.
2025-02-16 20:17:16,899 - INFO - Pair: binance-kucoin | Symbol: QUICK/USDT | Unprofitable: Profit poniżej progu arbitrażu.
2025-02-16 20:17:17,009 - INFO - Pair: kucoin-bitstamp | Symbol: ETH/EUR | Unprofitable: Profit poniżej progu arbitrażu.
2025-02-16 20:17:17,128 - INFO - Pair: binance-bitget | Symbol: IOST/USDT | Unprofitable: Profit poniżej progu arbitrażu.
2025-02-16 20:17:17,356 - INFO - Pair: kucoin-bitget | Symbol: RENDER/USDT | Unprofitable: Profit poniżej progu arbitrażu.
2025-02-16 20:17:17,629 - INFO - Pair: binance-kucoin | Symbol: AEVO/USDT | Unprofitable: Profit poniżej progu arbitrażu.
2025-02-16 20:17:17,777 - INFO - Pair: binance-bitget | Symbol: QUICK/USDT | Unprofitable: Profit poniżej progu arbitrażu.
2025-02-16 20:17:18,111 - INFO - Pair: binance-bitstamp | Symbol: SHIB/EUR | Unprofitable: Profit poniżej progu arbitrażu.
2025-02-16 20:17:18,115 - INFO - Pair: kucoin-bitget | Symbol: ICE/USDT | Unprofitable: Profit poniżej progu arbitrażu.
2025-02-16 20:17:18,186 - INFO - Pair: bitget-bitstamp | Symbol: PEPE/EUR | Unprofitable: Profit poniżej progu arbitrażu.
2025-02-16 20:17:18,357 - INFO - Pair: kucoin-bitstamp | Symbol: USDC/USDT | Unprofitable: Profit poniżej progu arbitrażu.
2025-02-16 20:17:18,373 - INFO - Pair: binance-kucoin | Symbol: NKN/USDT | Unprofitable: Profit poniżej progu arbitrażu.
2025-02-16 20:17:18,419 - INFO - Pair: binance-bitget | Symbol: AEVO/USDT | Unprofitable: Profit poniżej progu arbitrażu.
2025-02-16 20:17:18,860 - INFO - Pair: kucoin-bitget | Symbol: APE/USDT | Unprofitable: Profit poniżej progu arbitrażu.
2025-02-16 20:17:19,065 - INFO - Pair: binance-bitget | Symbol: NKN/USDT | Unprofitable: Profit poniżej progu arbitrażu.
2025-02-16 20:17:19,300 - INFO - Pair: binance-kucoin | Symbol: UNI/USDT | Unprofitable: Profit poniżej progu arbitrażu.
2025-02-16 20:17:19,464 - INFO - Pair: binance-bitstamp | Symbol: AVAX/EUR | Unprofitable: Profit poniżej progu arbitrażu.
2025-02-16 20:17:19,572 - INFO - Pair: bitget-bitstamp | Symbol: ETH/USDT | Unprofitable: Profit poniżej progu arbitrażu.
2025-02-16 20:17:19,627 - INFO - Pair: kucoin-bitget | Symbol: OGN/USDT | Unprofitable: Profit poniżej progu arbitrażu.
2025-02-16 20:17:19,697 - INFO - Pair: binance-bitget | Symbol: UNI/USDT | Unprofitable: Profit poniżej progu arbitrażu.
2025-02-16 20:17:19,732 - INFO - Pair: kucoin-bitstamp | Symbol: USDC/EUR | Unprofitable: Profit poniżej progu arbitrażu.
2025-02-16 20:17:20,016 - INFO - Pair: binance-kucoin | Symbol: CVC/USDT | Unprofitable: Profit poniżej progu arbitrażu.
2025-02-16 20:17:20,338 - INFO - Pair: kucoin-bitget | Symbol: SKY/USDT | Unprofitable: Profit poniżej progu arbitrażu.
2025-02-16 20:17:20,416 - INFO - Pair: binance-bitget | Symbol: BEL/USDT | Unprofitable: Profit poniżej progu arbitrażu.
2025-02-16 20:17:20,832 - INFO - Pair: binance-bitstamp | Symbol: GALA/EUR | Unprofitable: Profit poniżej progu arbitrażu.
2025-02-16 20:17:20,857 - INFO - Pair: binance-kucoin | Symbol: BIO/USDT | Unprofitable: Profit poniżej progu arbitrażu.
2025-02-16 20:17:20,950 - INFO - Pair: bitget-bitstamp | Symbol: NEAR/EUR | Unprofitable: Profit poniżej progu arbitrażu.
2025-02-16 20:17:21,083 - INFO - Pair: kucoin-bitget | Symbol: ZRC/USDT | Unprofitable: Profit poniżej progu arbitrażu.
2025-02-16 20:17:21,086 - INFO - Pair: binance-bitget | Symbol: CVC/USDT | Unprofitable: Profit poniżej progu arbitrażu.
2025-02-16 20:17:21,089 - INFO - Pair: kucoin-bitstamp | Symbol: BTC/EUR | Unprofitable: Profit poniżej progu arbitrażu.
2025-02-16 20:17:21,799 - INFO - Pair: binance-kucoin | Symbol: BAND/USDT | Unprofitable: Profit poniżej progu arbitrażu.
2025-02-16 20:17:21,823 - INFO - Pair: kucoin-bitget | Symbol: COOKIE/USDT | Unprofitable: Profit poniżej progu arbitrażu.
2025-02-16 20:17:21,848 - INFO - Pair: binance-bitget | Symbol: BIO/USDT | Unprofitable: Profit poniżej progu arbitrażu.
2025-02-16 20:17:22,193 - INFO - Pair: binance-bitstamp | Symbol: SOL/EUR | Unprofitable: Profit poniżej progu arbitrażu.
2025-02-16 20:17:22,287 - INFO - Pair: bitget-bitstamp | Symbol: XRP/USDT | Unprofitable: Profit poniżej progu arbitrażu.
2025-02-16 20:17:22,508 - INFO - Pair: binance-bitget | Symbol: BAND/USDT | Unprofitable: Profit poniżej progu arbitrażu.
2025-02-16 20:17:22,514 - INFO - Pair: binance-kucoin | Symbol: TRX/USDT | Unprofitable: Profit poniżej progu arbitrażu.
2025-02-16 20:17:22,753 - INFO - Pair: kucoin-bitget | Symbol: TUSD/USDT | Unprofitable: Profit poniżej progu arbitrażu.
2025-02-16 20:17:22,992 - INFO - Pair: kucoin-bitstamp | Symbol: ETH/USDT | Unprofitable: Profit poniżej progu arbitrażu.
2025-02-16 20:17:23,255 - INFO - Pair: binance-bitget | Symbol: TRX/USDT | Unprofitable: Profit poniżej progu arbitrażu.
2025-02-16 20:17:23,272 - INFO - Pair: binance-kucoin | Symbol: PENGU/USDT | Unprofitable: Profit poniżej progu arbitrażu.
2025-02-16 20:17:23,521 - INFO - Pair: kucoin-bitget | Symbol: FORT/USDT | Unprofitable: Profit poniżej progu arbitrażu.
2025-02-16 20:17:23,551 - INFO - Pair: binance-bitstamp | Symbol: BOME/EUR | Unprofitable: Profit poniżej progu arbitrażu.
2025-02-16 20:17:23,624 - INFO - Pair: bitget-bitstamp | Symbol: USDT/EUR | Unprofitable: Profit poniżej progu arbitrażu.
2025-02-16 20:17:23,767 - INFO - Pair: kucoin-bitstamp | Symbol: XRP/USDT | Unprofitable: Profit poniżej progu arbitrażu.
2025-02-16 20:17:23,902 - INFO - Pair: binance-bitget | Symbol: PENGU/USDT | Unprofitable: Profit poniżej progu arbitrażu.
2025-02-16 20:17:23,992 - INFO - Pair: binance-kucoin | Symbol: OSMO/USDT | Unprofitable: Profit poniżej progu arbitrażu.
2025-02-16 20:17:24,233 - INFO - Pair: kucoin-bitget | Symbol: RPL/USDT | Unprofitable: Profit poniżej progu arbitrażu.
2025-02-16 20:17:24,618 - INFO - Pair: binance-bitget | Symbol: OSMO/USDT | Unprofitable: Profit poniżej progu arbitrażu.
2025-02-16 20:17:24,985 - INFO - Pair: bitget-bitstamp | Symbol: XRP/EUR | Unprofitable: Profit poniżej progu arbitrażu.
2025-02-16 20:17:24,989 - INFO - Pair: kucoin-bitget | Symbol: SSV/USDT | Unprofitable: Profit poniżej progu arbitrażu.
2025-02-16 20:17:25,127 - INFO - Pair: kucoin-bitstamp | Symbol: BTC/USDT | Unprofitable: Profit poniżej progu arbitrażu.
2025-02-16 20:17:25,250 - INFO - Pair: binance-bitget | Symbol: WIF/EUR | Unprofitable: Profit poniżej progu arbitrażu.
2025-02-16 20:17:25,465 - INFO - Pair: binance-kucoin | Symbol: SUN/USDT | Unprofitable: Profit poniżej progu arbitrażu.
2025-02-16 20:17:25,744 - INFO - Pair: kucoin-bitget | Symbol: GNS/USDT | Unprofitable: Profit poniżej progu arbitrażu.
2025-02-16 20:17:25,917 - INFO - Pair: binance-bitget | Symbol: SUN/USDT | Unprofitable: Profit poniżej progu arbitrażu.
2025-02-16 20:17:26,184 - INFO - Pair: binance-kucoin | Symbol: GLM/USDT | Unprofitable: Profit poniżej progu arbitrażu.
2025-02-16 20:17:26,262 - INFO - Pair: binance-bitstamp | Symbol: USDC/USDT | Unprofitable: Profit poniżej progu arbitrażu.
2025-02-16 20:17:26,344 - INFO - Pair: bitget-bitstamp | Symbol: BTC/EUR | Unprofitable: Profit poniżej progu arbitrażu.
2025-02-16 20:17:26,475 - INFO - Pair: kucoin-bitget | Symbol: MANTA/USDT | Unprofitable: Profit poniżej progu arbitrażu.
2025-02-16 20:17:26,478 - INFO - Pair: kucoin-bitstamp | Symbol: USDT/EUR | Unprofitable: Profit poniżej progu arbitrażu.
2025-02-16 20:17:26,568 - INFO - Pair: binance-bitget | Symbol: GLM/USDT | Unprofitable: Profit poniżej progu arbitrażu.
2025-02-16 20:17:26,921 - INFO - Pair: binance-kucoin | Symbol: ICX/USDT | Unprofitable: Profit poniżej progu arbitrażu.
2025-02-16 20:17:27,218 - INFO - Pair: kucoin-bitget | Symbol: SOLV/USDT | Unprofitable: Profit poniżej progu arbitrażu.
2025-02-16 20:17:27,231 - INFO - Pair: binance-bitget | Symbol: ICX/USDT | Unprofitable: Profit poniżej progu arbitrażu.
2025-02-16 20:17:27,631 - INFO - Pair: binance-bitstamp | Symbol: SUI/EUR | Unprofitable: Profit poniżej progu arbitrażu.
2025-02-16 20:17:27,676 - INFO - Pair: binance-kucoin | Symbol: KAVA/USDT | Unprofitable: Profit poniżej progu arbitrażu.
2025-02-16 20:17:27,833 - INFO - Pair: kucoin-bitstamp | Symbol: ETH/EUR | Unprofitable: Profit poniżej progu arbitrażu.
2025-02-16 20:17:27,902 - INFO - Pair: binance-bitget | Symbol: KAVA/USDT | Unprofitable: Profit poniżej progu arbitrażu.
2025-02-16 20:17:27,965 - INFO - Pair: kucoin-bitget | Symbol: ASTR/USDT | Unprofitable: Profit poniżej progu arbitrażu.
2025-02-16 20:17:28,153 - INFO - Pair: bitget-bitstamp | Symbol: ADA/EUR | Unprofitable: Profit poniżej progu arbitrażu.
2025-02-16 20:17:28,628 - INFO - Pair: binance-kucoin | Symbol: T/USDT | Unprofitable: Profit poniżej progu arbitrażu.
2025-02-16 20:17:28,652 - INFO - Pair: binance-bitget | Symbol: T/USDT | Unprofitable: Profit poniżej progu arbitrażu.
2025-02-16 20:17:28,878 - INFO - Pair: kucoin-bitget | Symbol: ALT/USDT | Unprofitable: Profit poniżej progu arbitrażu.
2025-02-16 20:17:28,992 - INFO - Pair: binance-bitstamp | Symbol: ICP/EUR | Unprofitable: Profit poniżej progu arbitrażu.
2025-02-16 20:17:29,185 - INFO - Pair: kucoin-bitstamp | Symbol: USDC/USDT | Unprofitable: Profit poniżej progu arbitrażu.
2025-02-16 20:17:29,349 - INFO - Pair: binance-bitget | Symbol: LTC/USDT | Unprofitable: Profit poniżej progu arbitrażu.
2025-02-16 20:17:29,354 - INFO - Pair: binance-kucoin | Symbol: LTC/USDT | Unprofitable: Profit poniżej progu arbitrażu.
2025-02-16 20:17:29,513 - INFO - Pair: bitget-bitstamp | Symbol: SHIB/EUR | Unprofitable: Profit poniżej progu arbitrażu.
2025-02-16 20:17:29,623 - INFO - Pair: kucoin-bitget | Symbol: MAGIC/USDT | Unprofitable: Profit poniżej progu arbitrażu.
2025-02-16 20:17:30,077 - INFO - Pair: binance-bitget | Symbol: ADA/USDT | Unprofitable: Profit poniżej progu arbitrażu.
2025-02-16 20:17:30,232 - INFO - Pair: binance-kucoin | Symbol: ADA/USDT | Unprofitable: Profit poniżej progu arbitrażu.
2025-02-16 20:17:30,372 - INFO - Pair: kucoin-bitget | Symbol: DCK/USDT | Unprofitable: Profit poniżej progu arbitrażu.
2025-02-16 20:17:30,531 - INFO - Pair: kucoin-bitstamp | Symbol: USDC/EUR | Unprofitable: Profit poniżej progu arbitrażu.
2025-02-16 20:17:30,839 - INFO - Pair: binance-bitget | Symbol: ENJ/USDT | Unprofitable: Profit poniżej progu arbitrażu.
2025-02-16 20:17:30,866 - INFO - Pair: binance-bitstamp | Symbol: DOT/EUR | Unprofitable: Profit poniżej progu arbitrażu.
2025-02-16 20:17:30,957 - INFO - Pair: bitget-bitstamp | Symbol: AVAX/EUR | Unprofitable: Profit poniżej progu arbitrażu.
2025-02-16 20:17:31,421 - INFO - Pair: kucoin-bitget | Symbol: IOTX/USDT | Unprofitable: Profit poniżej progu arbitrażu.
2025-02-16 20:17:31,495 - INFO - Pair: binance-bitget | Symbol: NEAR/EUR | Unprofitable: Profit poniżej progu arbitrażu.
2025-02-16 20:17:31,723 - INFO - Pair: binance-kucoin | Symbol: ENJ/USDT | Unprofitable: Profit poniżej progu arbitrażu.
2025-02-16 20:17:31,871 - INFO - Pair: kucoin-bitstamp | Symbol: BTC/EUR | Unprofitable: Profit poniżej progu arbitrażu.
2025-02-16 20:17:32,128 - INFO - Pair: binance-bitget | Symbol: COMP/USDT | Unprofitable: Profit poniżej progu arbitrażu.
2025-02-16 20:17:32,146 - INFO - Pair: kucoin-bitget | Symbol: G/USDT | Unprofitable: Profit poniżej progu arbitrażu.
2025-02-16 20:17:32,302 - INFO - Pair: bitget-bitstamp | Symbol: SOL/EUR | Unprofitable: Profit poniżej progu arbitrażu.
2025-02-16 20:17:32,469 - INFO - Pair: binance-kucoin | Symbol: COMP/USDT | Unprofitable: Profit poniżej progu arbitrażu.
2025-02-16 20:17:32,806 - INFO - Pair: binance-bitget | Symbol: ETHFI/USDT | Unprofitable: Profit poniżej progu arbitrażu.
2025-02-16 20:17:32,878 - INFO - Pair: kucoin-bitget | Symbol: TREAT/USDT | Unprofitable: Profit poniżej progu arbitrażu.
2025-02-16 20:17:33,173 - INFO - Pair: binance-kucoin | Symbol: ETHFI/USDT | Unprofitable: Profit poniżej progu arbitrażu.
2025-02-16 20:17:33,456 - INFO - Pair: binance-bitget | Symbol: SFP/USDT | Unprofitable: Profit poniżej progu arbitrażu.
2025-02-16 20:17:33,545 - INFO - Pair: binance-bitstamp | Symbol: GRT/EUR | Unprofitable: Profit poniżej progu arbitrażu.
2025-02-16 20:17:33,662 - INFO - Pair: kucoin-bitget | Symbol: CPOOL/USDT | Unprofitable: Profit poniżej progu arbitrażu.
2025-02-16 20:17:33,671 - INFO - Pair: kucoin-bitstamp | Symbol: ETH/USDT | Unprofitable: Profit poniżej progu arbitrażu.
2025-02-16 20:17:33,756 - INFO - Pair: bitget-bitstamp | Symbol: USDC/USDT | Unprofitable: Profit poniżej progu arbitrażu.
2025-02-16 20:17:33,915 - INFO - Pair: binance-kucoin | Symbol: SFP/USDT | Unprofitable: Profit poniżej progu arbitrażu.
2025-02-16 20:17:34,168 - INFO - Pair: binance-bitget | Symbol: PERP/USDT | Unprofitable: Profit poniżej progu arbitrażu.
2025-02-16 20:17:34,389 - INFO - Pair: kucoin-bitget | Symbol: SHIB/USDT | Unprofitable: Profit poniżej progu arbitrażu.
2025-02-16 20:17:34,840 - INFO - Pair: binance-bitget | Symbol: AI/USDT | Unprofitable: Profit poniżej progu arbitrażu.
2025-02-16 20:17:35,032 - INFO - Pair: kucoin-bitstamp | Symbol: XRP/USDT | Unprofitable: Profit poniżej progu arbitrażu.
2025-02-16 20:17:35,101 - INFO - Pair: kucoin-bitget | Symbol: NOOB/USDT | Unprofitable: Profit poniżej progu arbitrażu.
2025-02-16 20:17:35,106 - INFO - Pair: bitget-bitstamp | Symbol: USDC/EUR | Unprofitable: Profit poniżej progu arbitrażu.
2025-02-16 20:17:35,512 - INFO - Pair: binance-bitget | Symbol: LQTY/USDT | Unprofitable: Profit poniżej progu arbitrażu.
2025-02-16 20:17:35,603 - INFO - Pair: binance-kucoin | Symbol: PERP/USDT | Unprofitable: Profit poniżej progu arbitrażu.
2025-02-16 20:17:35,957 - INFO - Pair: kucoin-bitget | Symbol: IOST/USDT | Unprofitable: Profit poniżej progu arbitrażu.
2025-02-16 20:17:36,244 - INFO - Pair: binance-bitget | Symbol: IO/USDT | Unprofitable: Profit poniżej progu arbitrażu.
2025-02-16 20:17:36,271 - INFO - Pair: binance-bitstamp | Symbol: DOGE/EUR | Unprofitable: Profit poniżej progu arbitrażu.
2025-02-16 20:17:36,355 - INFO - Pair: binance-kucoin | Symbol: LQTY/USDT | Unprofitable: Profit poniżej progu arbitrażu.
2025-02-16 20:17:36,393 - INFO - Pair: kucoin-bitstamp | Symbol: BTC/USDT | Unprofitable: Profit poniżej progu arbitrażu.
2025-02-16 20:17:36,443 - INFO - Pair: bitget-bitstamp | Symbol: SUI/EUR | Unprofitable: Profit poniżej progu arbitrażu.
2025-02-16 20:17:36,721 - INFO - Pair: kucoin-bitget | Symbol: QUICK/USDT | Unprofitable: Profit poniżej progu arbitrażu.
2025-02-16 20:17:36,910 - INFO - Pair: binance-bitget | Symbol: YFI/USDT | Unprofitable: Profit poniżej progu arbitrażu.
2025-02-16 20:17:37,318 - INFO - Pair: binance-kucoin | Symbol: IO/USDT | Unprofitable: Profit poniżej progu arbitrażu.
2025-02-16 20:17:37,554 - INFO - Pair: kucoin-bitget | Symbol: PLUME/USDT | Unprofitable: Profit poniżej progu arbitrażu.
2025-02-16 20:17:37,611 - INFO - Pair: binance-bitstamp | Symbol: BTC/USDT | Unprofitable: Profit poniżej progu arbitrażu.
2025-02-16 20:17:37,643 - INFO - Pair: binance-bitget | Symbol: ANKR/USDT | Unprofitable: Profit poniżej progu arbitrażu.
2025-02-16 20:17:37,747 - INFO - Pair: kucoin-bitstamp | Symbol: USDT/EUR | Unprofitable: Profit poniżej progu arbitrażu.
2025-02-16 20:17:37,905 - INFO - Pair: bitget-bitstamp | Symbol: DOGE/EUR | Unprofitable: Profit poniżej progu arbitrażu.
2025-02-16 20:17:38,069 - INFO - Pair: binance-kucoin | Symbol: XEC/USDT | Unprofitable: Profit poniżej progu arbitrażu.
2025-02-16 20:17:38,277 - INFO - Pair: binance-bitget | Symbol: METIS/USDT | Unprofitable: Profit poniżej progu arbitrażu.
2025-02-16 20:17:38,520 - INFO - Pair: kucoin-bitget | Symbol: AEVO/USDT | Unprofitable: Profit poniżej progu arbitrażu.
2025-02-16 20:17:38,794 - INFO - Pair: binance-kucoin | Symbol: YFI/USDT | Unprofitable: Profit poniżej progu arbitrażu.
2025-02-16 20:17:38,950 - INFO - Pair: binance-bitstamp | Symbol: LINK/EUR | Unprofitable: Profit poniżej progu arbitrażu.
2025-02-16 20:17:38,984 - INFO - Pair: binance-bitget | Symbol: FET/USDT | Unprofitable: Profit poniżej progu arbitrażu.
2025-02-16 20:17:39,095 - INFO - Pair: kucoin-bitstamp | Symbol: ETH/EUR | Unprofitable: Profit poniżej progu arbitrażu.
2025-02-16 20:17:39,184 - INFO - Pair: bitget-bitstamp | Symbol: BTC/USDT | Unprofitable: Profit poniżej progu arbitrażu.
2025-02-16 20:17:39,253 - INFO - Pair: kucoin-bitget | Symbol: NKN/USDT | Unprofitable: Profit poniżej progu arbitrażu.
2025-02-16 20:17:39,554 - INFO - Pair: binance-kucoin | Symbol: ERN/USDT | Unprofitable: Profit poniżej progu arbitrażu.
2025-02-16 20:17:39,676 - INFO - Pair: binance-bitget | Symbol: BNT/USDT | Unprofitable: Profit poniżej progu arbitrażu.
2025-02-16 20:17:39,982 - INFO - Pair: kucoin-bitget | Symbol: UNIO/USDT | Unprofitable: Profit poniżej progu arbitrażu.
2025-02-16 20:17:40,314 - INFO - Pair: binance-kucoin | Symbol: ANKR/USDT | Unprofitable: Profit poniżej progu arbitrażu.
2025-02-16 20:17:40,405 - INFO - Pair: binance-bitget | Symbol: STPT/USDT | Unprofitable: Profit poniżej progu arbitrażu.
2025-02-16 20:17:40,430 - INFO - Pair: kucoin-bitstamp | Symbol: USDC/USDT | Unprofitable: Profit poniżej progu arbitrażu.
2025-02-16 20:17:40,550 - INFO - Pair: bitget-bitstamp | Symbol: LINK/EUR | Unprofitable: Profit poniżej progu arbitrażu.
2025-02-16 20:17:40,696 - INFO - Pair: kucoin-bitget | Symbol: X/USDT | Unprofitable: Profit poniżej progu arbitrażu.
2025-02-16 20:17:41,035 - INFO - Pair: binance-kucoin | Symbol: HARD/USDT | Unprofitable: Profit poniżej progu arbitrażu.
2025-02-16 20:17:41,199 - INFO - Pair: binance-bitget | Symbol: FLUX/USDT | Unprofitable: Profit poniżej progu arbitrażu.
2025-02-16 20:17:41,509 - INFO - Pair: kucoin-bitget | Symbol: UNI/USDT | Unprofitable: Profit poniżej progu arbitrażu.
2025-02-16 20:17:41,671 - INFO - Pair: binance-bitstamp | Symbol: WIF/EUR | Unprofitable: Profit poniżej progu arbitrażu.
2025-02-16 20:17:41,776 - INFO - Pair: binance-kucoin | Symbol: METIS/USDT | Unprofitable: Profit poniżej progu arbitrażu.
2025-02-16 20:17:41,781 - INFO - Pair: kucoin-bitstamp | Symbol: USDC/EUR | Unprofitable: Profit poniżej progu arbitrażu.
2025-02-16 20:17:41,872 - INFO - Pair: binance-bitget | Symbol: LSK/USDT | Unprofitable: Profit poniżej progu arbitrażu.
2025-02-16 20:17:41,894 - INFO - Pair: bitget-bitstamp | Symbol: WIF/EUR | Unprofitable: Profit poniżej progu arbitrażu.
2025-02-16 20:17:42,235 - INFO - Pair: kucoin-bitget | Symbol: GST/USDT | Unprofitable: Profit poniżej progu arbitrażu.
2025-02-16 20:17:42,489 - INFO - Pair: binance-kucoin | Symbol: FET/USDT | Unprofitable: Profit poniżej progu arbitrażu.
2025-02-16 20:17:42,540 - INFO - Pair: binance-bitget | Symbol: LINK/EUR | Unprofitable: Profit poniżej progu arbitrażu.
2025-02-16 20:17:42,986 - INFO - Pair: kucoin-bitget | Symbol: CVC/USDT | Unprofitable: Profit poniżej progu arbitrażu.
2025-02-16 20:17:43,158 - INFO - Pair: kucoin-bitstamp | Symbol: BTC/EUR | Unprofitable: Profit poniżej progu arbitrażu.
2025-02-16 20:17:43,200 - INFO - Pair: binance-bitget | Symbol: EGLD/USDT | Unprofitable: Profit poniżej progu arbitrażu.
2025-02-16 20:17:43,229 - INFO - Pair: bitget-bitstamp | Symbol: ONDO/EUR | Unprofitable: Profit poniżej progu arbitrażu.
2025-02-16 20:17:43,250 - INFO - Pair: binance-kucoin | Symbol: FLUX/USDT | Unprofitable: Profit poniżej progu arbitrażu.
2025-02-16 20:17:43,702 - INFO - Pair: kucoin-bitget | Symbol: BEER/USDT | Unprofitable: Profit poniżej progu arbitrażu.
2025-02-16 20:17:43,869 - INFO - Pair: binance-bitget | Symbol: MAV/USDT | Unprofitable: Profit poniżej progu arbitrażu.
2025-02-16 20:17:43,971 - INFO - Pair: binance-kucoin | Symbol: LSK/USDT | Unprofitable: Profit poniżej progu arbitrażu.
2025-02-16 20:17:44,356 - INFO - Pair: binance-bitstamp | Symbol: EGLD/EUR | Unprofitable: Profit poniżej progu arbitrażu.
2025-02-16 20:17:44,424 - INFO - Pair: kucoin-bitget | Symbol: VIRTUAL/USDT | Unprofitable: Profit poniżej progu arbitrażu.
2025-02-16 20:17:44,527 - INFO - Pair: binance-bitget | Symbol: OP/USDT | Unprofitable: Profit poniżej progu arbitrażu.
2025-02-16 20:17:44,575 - INFO - Pair: bitget-bitstamp | Symbol: ETH/EUR | Unprofitable: Profit poniżej progu arbitrażu.
2025-02-16 20:17:44,744 - INFO - Pair: binance-kucoin | Symbol: EGLD/USDT | Unprofitable: Profit poniżej progu arbitrażu.
2025-02-16 20:17:45,038 - INFO - Pair: kucoin-bitstamp | Symbol: ETH/USDT | Unprofitable: Profit poniżej progu arbitrażu.
2025-02-16 20:17:45,137 - INFO - Pair: kucoin-bitget | Symbol: SONIC/USDT | Unprofitable: Profit poniżej progu arbitrażu.
2025-02-16 20:17:45,219 - INFO - Pair: binance-bitget | Symbol: BERA/USDT | Unprofitable: Profit poniżej progu arbitrażu.
2025-02-16 20:17:45,455 - INFO - Pair: binance-kucoin | Symbol: EDU/USDT | Unprofitable: Profit poniżej progu arbitrażu.
2025-02-16 20:17:45,843 - INFO - Pair: binance-bitget | Symbol: ARB/USDT | Unprofitable: Profit poniżej progu arbitrażu.
2025-02-16 20:17:45,895 - INFO - Pair: bitget-bitstamp | Symbol: LTC/EUR | Unprofitable: Profit poniżej progu arbitrażu.
2025-02-16 20:17:46,027 - INFO - Pair: kucoin-bitget | Symbol: U2U/USDT | Unprofitable: Profit poniżej progu arbitrażu.
2025-02-16 20:17:46,030 - INFO - Pair: kucoin-bitstamp | Symbol: XRP/USDT | Unprofitable: Profit poniżej progu arbitrażu.
2025-02-16 20:17:46,217 - INFO - Pair: binance-kucoin | Symbol: OP/USDT | Unprofitable: Profit poniżej progu arbitrażu.
2025-02-16 20:17:46,623 - INFO - Pair: binance-bitget | Symbol: TLM/USDT | Unprofitable: Profit poniżej progu arbitrażu.
2025-02-16 20:17:46,979 - INFO - Pair: kucoin-bitget | Symbol: BIO/USDT | Unprofitable: Profit poniżej progu arbitrażu.
2025-02-16 20:17:47,225 - INFO - Pair: bitget-bitstamp | Symbol: PEPE/EUR | Unprofitable: Profit poniżej progu arbitrażu.
2025-02-16 20:17:47,234 - INFO - Pair: binance-kucoin | Symbol: MAV/USDT | Unprofitable: Profit poniżej progu arbitrażu.
2025-02-16 20:17:47,435 - INFO - Pair: kucoin-bitstamp | Symbol: BTC/USDT | Unprofitable: Profit poniżej progu arbitrażu.
2025-02-16 20:17:47,728 - INFO - Pair: kucoin-bitget | Symbol: BAND/USDT | Unprofitable: Profit poniżej progu arbitrażu.
2025-02-16 20:17:48,065 - INFO - Pair: binance-kucoin | Symbol: BERA/USDT | Unprofitable: Profit poniżej progu arbitrażu.
2025-02-16 20:17:48,386 - INFO - Pair: binance-bitstamp | Symbol: XLM/EUR | Unprofitable: Profit poniżej progu arbitrażu.
2025-02-16 20:17:48,471 - INFO - Pair: kucoin-bitget | Symbol: WSDM/USDT | Unprofitable: Profit poniżej progu arbitrażu.
2025-02-16 20:17:48,573 - INFO - Pair: bitget-bitstamp | Symbol: ETH/USDT | Unprofitable: Profit poniżej progu arbitrażu.
2025-02-16 20:17:48,791 - INFO - Pair: binance-kucoin | Symbol: CLV/USDT | Unprofitable: Profit poniżej progu arbitrażu.
2025-02-16 20:17:48,795 - INFO - Pair: kucoin-bitstamp | Symbol: USDT/EUR | Unprofitable: Profit poniżej progu arbitrażu.
2025-02-16 20:17:48,806 - INFO - Pair: binance-bitget | Symbol: GLMR/USDT | Unprofitable: Profit poniżej progu arbitrażu.
2025-02-16 20:17:49,219 - INFO - Pair: kucoin-bitget | Symbol: WEN/USDT | Unprofitable: Profit poniżej progu arbitrażu.
2025-02-16 20:17:49,471 - INFO - Pair: binance-bitget | Symbol: ETH/USDT | Unprofitable: Profit poniżej progu arbitrażu.
2025-02-16 20:17:49,618 - INFO - Pair: binance-kucoin | Symbol: ARB/USDT | Unprofitable: Profit poniżej progu arbitrażu.
2025-02-16 20:17:49,729 - INFO - Pair: binance-bitstamp | Symbol: ARB/EUR | Unprofitable: Profit poniżej progu arbitrażu.
2025-02-16 20:17:49,920 - INFO - Pair: bitget-bitstamp | Symbol: NEAR/EUR | Unprofitable: Profit poniżej progu arbitrażu.
2025-02-16 20:17:49,962 - INFO - Pair: kucoin-bitget | Symbol: PYUSD/USDT | Unprofitable: Profit poniżej progu arbitrażu.
2025-02-16 20:17:50,130 - INFO - Pair: binance-bitget | Symbol: VANRY/USDT | Unprofitable: Profit poniżej progu arbitrażu.
2025-02-16 20:17:50,149 - INFO - Pair: kucoin-bitstamp | Symbol: ETH/EUR | Unprofitable: Profit poniżej progu arbitrażu.
2025-02-16 20:17:50,336 - INFO - Pair: binance-kucoin | Symbol: REQ/USDT | Unprofitable: Profit poniżej progu arbitrażu.
2025-02-16 20:17:50,795 - INFO - Pair: binance-bitget | Symbol: ETC/USDT | Unprofitable: Profit poniżej progu arbitrażu.
2025-02-16 20:17:50,909 - INFO - Pair: kucoin-bitget | Symbol: MELANIA/USDT | Unprofitable: Profit poniżej progu arbitrażu.
2025-02-16 20:17:51,048 - INFO - Pair: binance-bitstamp | Symbol: ETH/EUR | Unprofitable: Profit poniżej progu arbitrażu.
2025-02-16 20:17:51,135 - INFO - Pair: binance-kucoin | Symbol: TLM/USDT | Unprofitable: Profit poniżej progu arbitrażu.
2025-02-16 20:17:51,293 - INFO - Pair: bitget-bitstamp | Symbol: XRP/USDT | Unprofitable: Profit poniżej progu arbitrażu.
2025-02-16 20:17:51,511 - INFO - Pair: kucoin-bitstamp | Symbol: USDC/USDT | Unprofitable: Profit poniżej progu arbitrażu.
2025-02-16 20:17:51,587 - INFO - Pair: binance-bitget | Symbol: PROM/USDT | Unprofitable: Profit poniżej progu arbitrażu.
2025-02-16 20:17:51,620 - INFO - Pair: kucoin-bitget | Symbol: MON/USDT | Unprofitable: Profit poniżej progu arbitrażu.
2025-02-16 20:17:52,303 - INFO - Pair: binance-bitget | Symbol: NFP/USDT | Unprofitable: Profit poniżej progu arbitrażu.
2025-02-16 20:17:52,357 - INFO - Pair: kucoin-bitget | Symbol: TRX/USDT | Unprofitable: Profit poniżej progu arbitrażu.
2025-02-16 20:17:52,406 - INFO - Pair: binance-bitstamp | Symbol: TRUMP/EUR | Unprofitable: Profit poniżej progu arbitrażu.
2025-02-16 20:17:52,589 - INFO - Pair: binance-kucoin | Symbol: GLMR/USDT | Unprofitable: Profit poniżej progu arbitrażu.
2025-02-16 20:17:52,662 - INFO - Pair: bitget-bitstamp | Symbol: USDT/EUR | Unprofitable: Profit poniżej progu arbitrażu.
2025-02-16 20:17:52,865 - INFO - Pair: kucoin-bitstamp | Symbol: USDC/EUR | Unprofitable: Profit poniżej progu arbitrażu.
2025-02-16 20:17:52,995 - INFO - Pair: binance-bitget | Symbol: LOKA/USDT | Unprofitable: Profit poniżej progu arbitrażu.
2025-02-16 20:17:53,085 - INFO - Pair: kucoin-bitget | Symbol: KMNO/USDT | Unprofitable: Profit poniżej progu arbitrażu.
2025-02-16 20:17:53,319 - INFO - Pair: binance-kucoin | Symbol: ETH/USDT | Unprofitable: Profit poniżej progu arbitrażu.
2025-02-16 20:17:53,658 - INFO - Pair: binance-bitget | Symbol: VELODROME/USDT | Unprofitable: Profit poniżej progu arbitrażu.
2025-02-16 20:17:53,747 - INFO - Pair: binance-bitstamp | Symbol: LTC/EUR | Unprofitable: Profit poniżej progu arbitrażu.
2025-02-16 20:17:53,822 - INFO - Pair: kucoin-bitget | Symbol: AERO/USDT | Unprofitable: Profit poniżej progu arbitrażu.
2025-02-16 20:17:54,012 - INFO - Pair: bitget-bitstamp | Symbol: XRP/EUR | Unprofitable: Profit poniżej progu arbitrażu.
2025-02-16 20:17:54,032 - INFO - Pair: binance-kucoin | Symbol: VANRY/USDT | Unprofitable: Profit poniżej progu arbitrażu.
2025-02-16 20:17:54,232 - INFO - Pair: kucoin-bitstamp | Symbol: BTC/EUR | Unprofitable: Profit poniżej progu arbitrażu.
2025-02-16 20:17:54,280 - INFO - Pair: binance-bitget | Symbol: TNSR/USDT | Unprofitable: Profit poniżej progu arbitrażu.
2025-02-16 20:17:54,579 - INFO - Pair: kucoin-bitget | Symbol: TRAC/USDT | Unprofitable: Profit poniżej progu arbitrażu.
2025-02-16 20:17:54,776 - INFO - Pair: binance-kucoin | Symbol: ETC/USDT | Unprofitable: Profit poniżej progu arbitrażu.
2025-02-16 20:17:54,939 - INFO - Pair: binance-bitget | Symbol: TURBO/USDT | Unprofitable: Profit poniżej progu arbitrażu.
2025-02-16 20:17:55,093 - INFO - Pair: binance-bitstamp | Symbol: OP/EUR | Unprofitable: Profit poniżej progu arbitrażu.
2025-02-16 20:17:55,343 - INFO - Pair: kucoin-bitget | Symbol: LOGX/USDT | Unprofitable: Profit poniżej progu arbitrażu.
2025-02-16 20:17:55,348 - INFO - Pair: bitget-bitstamp | Symbol: BTC/EUR | Unprofitable: Profit poniżej progu arbitrażu.
2025-02-16 20:17:55,546 - INFO - Pair: binance-kucoin | Symbol: PROM/USDT | Unprofitable: Profit poniżej progu arbitrażu.
2025-02-16 20:17:55,590 - INFO - Pair: binance-bitget | Symbol: ENA/USDT | Unprofitable: Profit poniżej progu arbitrażu.
2025-02-16 20:17:56,113 - INFO - Pair: kucoin-bitget | Symbol: PENGU/USDT | Unprofitable: Profit poniżej progu arbitrażu.
2025-02-16 20:17:56,301 - INFO - Pair: binance-kucoin | Symbol: NFP/USDT | Unprofitable: Profit poniżej progu arbitrażu.
2025-02-16 20:17:56,344 - INFO - Pair: binance-bitget | Symbol: SUPER/USDT | Unprofitable: Profit poniżej progu arbitrażu.
2025-02-16 20:17:56,433 - INFO - Pair: kucoin-bitstamp | Symbol: ETH/USDT | Unprofitable: Profit poniżej progu arbitrażu.
2025-02-16 20:17:56,698 - INFO - Pair: bitget-bitstamp | Symbol: ADA/EUR | Unprofitable: Profit poniżej progu arbitrażu.
2025-02-16 20:17:56,872 - INFO - Pair: kucoin-bitget | Symbol: OSMO/USDT | Unprofitable: Profit poniżej progu arbitrażu.
2025-02-16 20:17:57,002 - INFO - Pair: binance-bitget | Symbol: KDA/USDT | Unprofitable: Profit poniżej progu arbitrażu.
2025-02-16 20:17:57,081 - INFO - Pair: binance-kucoin | Symbol: LOKA/USDT | Unprofitable: Profit poniżej progu arbitrażu.
2025-02-16 20:17:57,628 - INFO - Pair: kucoin-bitget | Symbol: SUN/USDT | Unprofitable: Profit poniżej progu arbitrażu.
2025-02-16 20:17:57,660 - INFO - Pair: binance-bitget | Symbol: SUI/EUR | Unprofitable: Profit poniżej progu arbitrażu.
2025-02-16 20:17:57,786 - INFO - Pair: kucoin-bitstamp | Symbol: XRP/USDT | Unprofitable: Profit poniżej progu arbitrażu.
2025-02-16 20:17:57,844 - INFO - Pair: binance-kucoin | Symbol: TNSR/USDT | Unprofitable: Profit poniżej progu arbitrażu.
2025-02-16 20:17:58,041 - INFO - Pair: bitget-bitstamp | Symbol: SHIB/EUR | Unprofitable: Profit poniżej progu arbitrażu.
2025-02-16 20:17:58,057 - INFO - Pair: binance-bitstamp | Symbol: ETH/USDT | Unprofitable: Profit poniżej progu arbitrażu.
2025-02-16 20:17:58,403 - INFO - Pair: binance-bitget | Symbol: REZ/USDT | Unprofitable: Profit poniżej progu arbitrażu.
2025-02-16 20:17:58,595 - INFO - Pair: kucoin-bitget | Symbol: CHEEMS/USDT | Unprofitable: Profit poniżej progu arbitrażu.
2025-02-16 20:17:58,834 - INFO - Pair: binance-kucoin | Symbol: TURBO/USDT | Unprofitable: Profit poniżej progu arbitrażu.
2025-02-16 20:17:59,112 - INFO - Pair: binance-bitget | Symbol: STX/USDT | Unprofitable: Profit poniżej progu arbitrażu.
2025-02-16 20:17:59,115 - INFO - Pair: kucoin-bitstamp | Symbol: BTC/USDT | Unprofitable: Profit poniżej progu arbitrażu.
2025-02-16 20:17:59,355 - INFO - Pair: kucoin-bitget | Symbol: GLM/USDT | Unprofitable: Profit poniżej progu arbitrażu.
2025-02-16 20:17:59,368 - INFO - Pair: bitget-bitstamp | Symbol: AVAX/EUR | Unprofitable: Profit poniżej progu arbitrażu.
2025-02-16 20:17:59,451 - INFO - Pair: binance-bitstamp | Symbol: PEPE/EUR | Unprofitable: Profit poniżej progu arbitrażu.
2025-02-16 20:17:59,600 - INFO - Pair: binance-kucoin | Symbol: ENA/USDT | Unprofitable: Profit poniżej progu arbitrażu.
2025-02-16 20:17:59,783 - INFO - Pair: binance-bitget | Symbol: RARE/USDT | Unprofitable: Profit poniżej progu arbitrażu.
2025-02-16 20:18:00,111 - INFO - Pair: kucoin-bitget | Symbol: ICX/USDT | Unprofitable: Profit poniżej progu arbitrażu.
2025-02-16 20:18:00,374 - INFO - Pair: binance-kucoin | Symbol: FORTH/USDT | Unprofitable: Profit poniżej progu arbitrażu.
2025-02-16 20:18:00,523 - INFO - Pair: kucoin-bitstamp | Symbol: USDT/EUR | Unprofitable: Profit poniżej progu arbitrażu.
2025-02-16 20:18:00,525 - INFO - Pair: binance-bitget | Symbol: MANA/USDT | Unprofitable: Profit poniżej progu arbitrażu.
2025-02-16 20:18:00,812 - INFO - Pair: binance-bitstamp | Symbol: NEAR/EUR | Unprofitable: Profit poniżej progu arbitrażu.
2025-02-16 20:18:00,858 - INFO - Pair: bitget-bitstamp | Symbol: SOL/EUR | Unprofitable: Profit poniżej progu arbitrażu.
2025-02-16 20:18:00,865 - INFO - Pair: kucoin-bitget | Symbol: KAVA/USDT | Unprofitable: Profit poniżej progu arbitrażu.
2025-02-16 20:18:01,101 - INFO - Pair: binance-kucoin | Symbol: SUPER/USDT | Unprofitable: Profit poniżej progu arbitrażu.
2025-02-16 20:18:01,242 - INFO - Pair: binance-bitget | Symbol: MASK/USDT | Unprofitable: Profit poniżej progu arbitrażu.
2025-02-16 20:18:01,584 - INFO - Pair: kucoin-bitget | Symbol: PSTAKE/USDT | Unprofitable: Profit poniżej progu arbitrażu.
2025-02-16 20:18:01,829 - INFO - Pair: binance-kucoin | Symbol: KDA/USDT | Unprofitable: Profit poniżej progu arbitrażu.
2025-02-16 20:18:01,910 - INFO - Pair: kucoin-bitstamp | Symbol: ETH/EUR | Unprofitable: Profit poniżej progu arbitrażu.
2025-02-16 20:18:01,917 - INFO - Pair: binance-bitget | Symbol: AGLD/USDT | Unprofitable: Profit poniżej progu arbitrażu.
2025-02-16 20:18:02,164 - INFO - Pair: binance-bitstamp | Symbol: XRP/USDT | Unprofitable: Profit poniżej progu arbitrażu.
2025-02-16 20:18:02,209 - INFO - Pair: bitget-bitstamp | Symbol: USDC/USDT | Unprofitable: Profit poniżej progu arbitrażu.
2025-02-16 20:18:02,363 - INFO - Pair: kucoin-bitget | Symbol: T/USDT | Unprofitable: Profit poniżej progu arbitrażu.
2025-02-16 20:18:02,589 - INFO - Pair: binance-kucoin | Symbol: REZ/USDT | Unprofitable: Profit poniżej progu arbitrażu.
2025-02-16 20:18:02,649 - INFO - Pair: binance-bitget | Symbol: ZEN/USDT | Unprofitable: Profit poniżej progu arbitrażu.
2025-02-16 20:18:03,091 - INFO - Pair: kucoin-bitget | Symbol: VRTX/USDT | Unprofitable: Profit poniżej progu arbitrażu.
2025-02-16 20:18:03,235 - INFO - Pair: kucoin-bitstamp | Symbol: USDC/USDT | Unprofitable: Profit poniżej progu arbitrażu.
2025-02-16 20:18:03,315 - INFO - Pair: binance-kucoin | Symbol: STX/USDT | Unprofitable: Profit poniżej progu arbitrażu.
2025-02-16 20:18:03,416 - INFO - Pair: binance-bitget | Symbol: AUCTION/USDT | Unprofitable: Profit poniżej progu arbitrażu.
2025-02-16 20:18:03,489 - INFO - Pair: binance-bitstamp | Symbol: BTC/EUR | Unprofitable: Profit poniżej progu arbitrażu.
2025-02-16 20:18:03,571 - INFO - Pair: bitget-bitstamp | Symbol: USDC/EUR | Unprofitable: Profit poniżej progu arbitrażu.
2025-02-16 20:18:03,850 - INFO - Pair: kucoin-bitget | Symbol: LTC/USDT | Unprofitable: Profit poniżej progu arbitrażu.
2025-02-16 20:18:04,056 - INFO - Pair: binance-bitget | Symbol: CTSI/USDT | Unprofitable: Profit poniżej progu arbitrażu.
2025-02-16 20:18:04,278 - INFO - Pair: binance-kucoin | Symbol: MANA/USDT | Unprofitable: Profit poniżej progu arbitrażu.
2025-02-16 20:18:04,577 - INFO - Pair: kucoin-bitstamp | Symbol: USDC/EUR | Unprofitable: Profit poniżej progu arbitrażu.
2025-02-16 20:18:04,600 - INFO - Pair: kucoin-bitget | Symbol: ADA/USDT | Unprofitable: Profit poniżej progu arbitrażu.
2025-02-16 20:18:04,763 - INFO - Pair: binance-bitget | Symbol: IDEX/USDT | Unprofitable: Profit poniżej progu arbitrażu.
2025-02-16 20:18:04,813 - INFO - Pair: binance-bitstamp | Symbol: XRP/EUR | Unprofitable: Profit poniżej progu arbitrażu.
2025-02-16 20:18:04,893 - INFO - Pair: bitget-bitstamp | Symbol: SUI/EUR | Unprofitable: Profit poniżej progu arbitrażu.
2025-02-16 20:18:05,086 - INFO - Pair: binance-kucoin | Symbol: MASK/USDT | Unprofitable: Profit poniżej progu arbitrażu.
2025-02-16 20:18:05,433 - INFO - Pair: binance-bitget | Symbol: TRU/USDT | Unprofitable: Profit poniżej progu arbitrażu.
2025-02-16 20:18:05,476 - INFO - Pair: kucoin-bitget | Symbol: HTX/USDT | Unprofitable: Profit poniżej progu arbitrażu.
2025-02-16 20:18:05,863 - INFO - Pair: binance-kucoin | Symbol: AGLD/USDT | Unprofitable: Profit poniżej progu arbitrażu.
2025-02-16 20:18:05,900 - INFO - Pair: kucoin-bitstamp | Symbol: BTC/EUR | Unprofitable: Profit poniżej progu arbitrażu.
2025-02-16 20:18:06,100 - INFO - Pair: binance-bitget | Symbol: COTI/USDT | Unprofitable: Profit poniżej progu arbitrażu.
2025-02-16 20:18:06,186 - INFO - Pair: binance-bitstamp | Symbol: ADA/EUR | Unprofitable: Profit poniżej progu arbitrażu.
2025-02-16 20:18:06,235 - INFO - Pair: kucoin-bitget | Symbol: DUCK/USDT | Unprofitable: Profit poniżej progu arbitrażu.
2025-02-16 20:18:06,245 - INFO - Pair: bitget-bitstamp | Symbol: DOGE/EUR | Unprofitable: Profit poniżej progu arbitrażu.
2025-02-16 20:18:06,577 - INFO - Pair: binance-kucoin | Symbol: ZEN/USDT | Unprofitable: Profit poniżej progu arbitrażu.
2025-02-16 20:18:06,747 - INFO - Pair: binance-bitget | Symbol: MKR/USDT | Unprofitable: Profit poniżej progu arbitrażu.
2025-02-16 20:18:06,989 - INFO - Pair: kucoin-bitget | Symbol: SAROS/USDT | Unprofitable: Profit poniżej progu arbitrażu.
2025-02-16 20:18:07,295 - INFO - Pair: binance-kucoin | Symbol: AUCTION/USDT | Unprofitable: Profit poniżej progu arbitrażu.
2025-02-16 20:18:07,375 - INFO - Pair: binance-bitget | Symbol: AERGO/USDT | Unprofitable: Profit poniżej progu arbitrażu.
2025-02-16 20:18:07,541 - INFO - Pair: binance-bitstamp | Symbol: BCH/EUR | Unprofitable: Profit poniżej progu arbitrażu.
2025-02-16 20:18:07,609 - INFO - Pair: bitget-bitstamp | Symbol: BTC/USDT | Unprofitable: Profit poniżej progu arbitrażu.
2025-02-16 20:18:07,651 - INFO - Pair: kucoin-bitstamp | Symbol: ETH/USDT | Unprofitable: Profit poniżej progu arbitrażu.
2025-02-16 20:18:07,759 - INFO - Pair: kucoin-bitget | Symbol: ENJ/USDT | Unprofitable: Profit poniżej progu arbitrażu.
2025-02-16 20:18:08,016 - INFO - Pair: binance-bitget | Symbol: GALA/USDT | Unprofitable: Profit poniżej progu arbitrażu.
2025-02-16 20:18:08,030 - INFO - Pair: binance-kucoin | Symbol: CTSI/USDT | Unprofitable: Profit poniżej progu arbitrażu.
2025-02-16 20:18:08,507 - INFO - Pair: kucoin-bitget | Symbol: ULTI/USDT | Unprofitable: Profit poniżej progu arbitrażu.
2025-02-16 20:18:08,757 - INFO - Pair: binance-bitget | Symbol: ORDI/USDT | Unprofitable: Profit poniżej progu arbitrażu.
2025-02-16 20:18:08,796 - INFO - Pair: binance-kucoin | Symbol: TRU/USDT | Unprofitable: Profit poniżej progu arbitrażu.
2025-02-16 20:18:08,856 - INFO - Pair: binance-bitstamp | Symbol: SHIB/EUR | Unprofitable: Profit poniżej progu arbitrażu.
2025-02-16 20:18:08,959 - INFO - Pair: bitget-bitstamp | Symbol: LINK/EUR | Unprofitable: Profit poniżej progu arbitrażu.
2025-02-16 20:18:09,010 - INFO - Pair: kucoin-bitstamp | Symbol: XRP/USDT | Unprofitable: Profit poniżej progu arbitrażu.
2025-02-16 20:18:09,211 - INFO - Pair: kucoin-bitget | Symbol: ROUTE/USDT | Unprofitable: Profit poniżej progu arbitrażu.
2025-02-16 20:18:09,431 - INFO - Pair: binance-bitget | Symbol: OG/USDT | Unprofitable: Profit poniżej progu arbitrażu.
2025-02-16 20:18:09,541 - INFO - Pair: binance-kucoin | Symbol: COTI/USDT | Unprofitable: Profit poniżej progu arbitrażu.
2025-02-16 20:18:09,988 - INFO - Pair: kucoin-bitget | Symbol: COMP/USDT | Unprofitable: Profit poniżej progu arbitrażu.
2025-02-16 20:18:10,194 - INFO - Pair: binance-bitget | Symbol: ACT/USDT | Unprofitable: Profit poniżej progu arbitrażu.
2025-02-16 20:18:10,352 - INFO - Pair: binance-bitstamp | Symbol: AVAX/EUR | Unprofitable: Profit poniżej progu arbitrażu.
2025-02-16 20:18:10,357 - INFO - Pair: binance-kucoin | Symbol: MKR/USDT | Unprofitable: Profit poniżej progu arbitrażu.
2025-02-16 20:18:10,359 - INFO - Pair: bitget-bitstamp | Symbol: WIF/EUR | Unprofitable: Profit poniżej progu arbitrażu.
2025-02-16 20:18:10,636 - INFO - Pair: kucoin-bitstamp | Symbol: BTC/USDT | Unprofitable: Profit poniżej progu arbitrażu.
2025-02-16 20:18:10,706 - INFO - Pair: kucoin-bitget | Symbol: ETHFI/USDT | Unprofitable: Profit poniżej progu arbitrażu.
2025-02-16 20:18:10,901 - INFO - Pair: binance-bitget | Symbol: HBAR/USDT | Unprofitable: Profit poniżej progu arbitrażu.
2025-02-16 20:18:11,092 - INFO - Pair: binance-kucoin | Symbol: LTO/USDT | Unprofitable: Profit poniżej progu arbitrażu.
2025-02-16 20:18:11,530 - INFO - Pair: kucoin-bitget | Symbol: SFP/USDT | Unprofitable: Profit poniżej progu arbitrażu.
2025-02-16 20:18:11,537 - INFO - Pair: binance-bitget | Symbol: GMT/USDT | Unprofitable: Profit poniżej progu arbitrażu.
2025-02-16 20:18:11,711 - INFO - Pair: binance-bitstamp | Symbol: GALA/EUR | Unprofitable: Profit poniżej progu arbitrażu.
2025-02-16 20:18:11,810 - INFO - Pair: bitget-bitstamp | Symbol: ONDO/EUR | Unprofitable: Profit poniżej progu arbitrażu.
2025-02-16 20:18:11,820 - INFO - Pair: binance-kucoin | Symbol: AERGO/USDT | Unprofitable: Profit poniżej progu arbitrażu.
2025-02-16 20:18:11,997 - INFO - Pair: kucoin-bitstamp | Symbol: USDT/EUR | Unprofitable: Profit poniżej progu arbitrażu.
2025-02-16 20:18:12,275 - INFO - Pair: binance-bitget | Symbol: THE/USDT | Unprofitable: Profit poniżej progu arbitrażu.
2025-02-16 20:18:12,277 - INFO - Pair: kucoin-bitget | Symbol: PERP/USDT | Unprofitable: Profit poniżej progu arbitrażu.
2025-02-16 20:18:12,587 - INFO - Pair: binance-kucoin | Symbol: ORDI/USDT | Unprofitable: Profit poniżej progu arbitrażu.
2025-02-16 20:18:12,983 - INFO - Pair: binance-bitget | Symbol: ZRX/USDT | Unprofitable: Profit poniżej progu arbitrażu.
2025-02-16 20:18:13,037 - INFO - Pair: kucoin-bitget | Symbol: STNK/USDT | Unprofitable: Profit poniżej progu arbitrażu.
2025-02-16 20:18:13,082 - INFO - Pair: binance-bitstamp | Symbol: SOL/EUR | Unprofitable: Profit poniżej progu arbitrażu.
2025-02-16 20:18:13,136 - INFO - Pair: bitget-bitstamp | Symbol: ETH/EUR | Unprofitable: Profit poniżej progu arbitrażu.
2025-02-16 20:18:13,343 - INFO - Pair: kucoin-bitstamp | Symbol: ETH/EUR | Unprofitable: Profit poniżej progu arbitrażu.
2025-02-16 20:18:13,444 - INFO - Pair: binance-kucoin | Symbol: HBAR/USDT | Unprofitable: Profit poniżej progu arbitrażu.
2025-02-16 20:18:13,780 - INFO - Pair: kucoin-bitget | Symbol: LQTY/USDT | Unprofitable: Profit poniżej progu arbitrażu.
2025-02-16 20:18:14,219 - INFO - Pair: binance-kucoin | Symbol: GMT/USDT | Unprofitable: Profit poniżej progu arbitrażu.
2025-02-16 20:18:14,366 - INFO - Pair: binance-bitget | Symbol: SEI/USDT | Unprofitable: Profit poniżej progu arbitrażu.
2025-02-16 20:18:14,446 - INFO - Pair: binance-bitstamp | Symbol: BOME/EUR | Unprofitable: Profit poniżej progu arbitrażu.
2025-02-16 20:18:14,504 - INFO - Pair: bitget-bitstamp | Symbol: LTC/EUR | Unprofitable: Profit poniżej progu arbitrażu.
2025-02-16 20:18:14,518 - INFO - Pair: kucoin-bitget | Symbol: IO/USDT | Unprofitable: Profit poniżej progu arbitrażu.
2025-02-16 20:18:14,710 - INFO - Pair: kucoin-bitstamp | Symbol: USDC/USDT | Unprofitable: Profit poniżej progu arbitrażu.
2025-02-16 20:18:14,955 - INFO - Pair: binance-kucoin | Symbol: ZRX/USDT | Unprofitable: Profit poniżej progu arbitrażu.
2025-02-16 20:18:15,029 - INFO - Pair: binance-bitget | Symbol: FIL/USDT | Unprofitable: Profit poniżej progu arbitrażu.
2025-02-16 20:18:15,480 - INFO - Pair: kucoin-bitget | Symbol: GOAT/USDT | Unprofitable: Profit poniżej progu arbitrażu.
